<?xml version="1.0" encoding="UTF-8"?>
<coverage generated="1629541366843" clover="3.2.0">
  <project timestamp="1629541366843" name="All files">
    <metrics statements="282" coveredstatements="182" conditionals="92" coveredconditionals="59" methods="73" coveredmethods="50" elements="447" coveredelements="291" complexity="0" loc="282" ncloc="282" packages="7" files="23" classes="23"/>
    <package name="src">
      <metrics statements="2" coveredstatements="0" conditionals="0" coveredconditionals="0" methods="1" coveredmethods="0"/>
      <file name="App.js" path="C:\Users\mehme\Desktop\Programlama\Trendyol Front-End Bootcamp\Bitirme Projesi\react-spider-solitaire\src\App.js">
        <metrics statements="1" coveredstatements="0" conditionals="0" coveredconditionals="0" methods="1" coveredmethods="0"/>
        <line num="13" count="0" type="stmt"/>
      </file>
      <file name="index.js" path="C:\Users\mehme\Desktop\Programlama\Trendyol Front-End Bootcamp\Bitirme Projesi\react-spider-solitaire\src\index.js">
        <metrics statements="1" coveredstatements="0" conditionals="0" coveredconditionals="0" methods="0" coveredmethods="0"/>
        <line num="5" count="0" type="stmt"/>
      </file>
    </package>
    <package name="src.components.game">
      <metrics statements="89" coveredstatements="89" conditionals="41" coveredconditionals="34" methods="25" coveredmethods="23"/>
      <file name="Board.js" path="C:\Users\mehme\Desktop\Programlama\Trendyol Front-End Bootcamp\Bitirme Projesi\react-spider-solitaire\src\components\game\Board.js">
        <metrics statements="6" coveredstatements="6" conditionals="2" coveredconditionals="1" methods="2" coveredmethods="2"/>
        <line num="9" count="2" type="stmt"/>
        <line num="10" count="1" type="stmt"/>
        <line num="12" count="1" type="stmt"/>
        <line num="14" count="1" type="stmt"/>
        <line num="15" count="1" type="stmt"/>
        <line num="20" count="1" type="stmt"/>
      </file>
      <file name="Card.js" path="C:\Users\mehme\Desktop\Programlama\Trendyol Front-End Bootcamp\Bitirme Projesi\react-spider-solitaire\src\components\game\Card.js">
        <metrics statements="17" coveredstatements="17" conditionals="8" coveredconditionals="8" methods="4" coveredmethods="4"/>
        <line num="6" count="5" type="stmt"/>
        <line num="7" count="33" type="stmt"/>
        <line num="8" count="33" type="stmt"/>
        <line num="10" count="33" type="stmt"/>
        <line num="11" count="33" type="stmt"/>
        <line num="14" count="33" type="cond" truecount="2" falsecount="0"/>
        <line num="15" count="7" type="stmt"/>
        <line num="19" count="33" type="cond" truecount="2" falsecount="0"/>
        <line num="20" count="3" type="stmt"/>
        <line num="21" count="3" type="cond" truecount="2" falsecount="0"/>
        <line num="22" count="1" type="stmt"/>
        <line num="27" count="33" type="stmt"/>
        <line num="30" count="33" type="stmt"/>
        <line num="36" count="5" type="cond" truecount="2" falsecount="0"/>
        <line num="37" count="4" type="stmt"/>
        <line num="39" count="1" type="stmt"/>
        <line num="60" count="5" type="stmt"/>
      </file>
      <file name="Foundations.js" path="C:\Users\mehme\Desktop\Programlama\Trendyol Front-End Bootcamp\Bitirme Projesi\react-spider-solitaire\src\components\game\Foundations.js">
        <metrics statements="13" coveredstatements="13" conditionals="4" coveredconditionals="4" methods="4" coveredmethods="4"/>
        <line num="4" count="3" type="stmt"/>
        <line num="5" count="3" type="stmt"/>
        <line num="6" count="3" type="stmt"/>
        <line num="9" count="3" type="stmt"/>
        <line num="10" count="24" type="cond" truecount="2" falsecount="0"/>
        <line num="13" count="3" type="stmt"/>
        <line num="14" count="3" type="stmt"/>
        <line num="16" count="3" type="stmt"/>
        <line num="17" count="24" type="stmt"/>
        <line num="35" count="3" type="stmt"/>
        <line num="38" count="3" type="stmt"/>
        <line num="39" count="3" type="cond" truecount="2" falsecount="0"/>
        <line num="44" count="3" type="stmt"/>
      </file>
      <file name="Pile.js" path="C:\Users\mehme\Desktop\Programlama\Trendyol Front-End Bootcamp\Bitirme Projesi\react-spider-solitaire\src\components\game\Pile.js">
        <metrics statements="21" coveredstatements="21" conditionals="17" coveredconditionals="14" methods="5" coveredmethods="5"/>
        <line num="8" count="4" type="cond" truecount="1" falsecount="0"/>
        <line num="9" count="26" type="stmt"/>
        <line num="10" count="26" type="stmt"/>
        <line num="13" count="26" type="stmt"/>
        <line num="17" count="3" type="cond" truecount="2" falsecount="0"/>
        <line num="18" count="1" type="stmt"/>
        <line num="21" count="1" type="cond" truecount="1" falsecount="1"/>
        <line num="22" count="1" type="stmt"/>
        <line num="24" count="2" type="cond" truecount="3" falsecount="1"/>
        <line num="27" count="2" type="cond" truecount="2" falsecount="0"/>
        <line num="28" count="1" type="stmt"/>
        <line num="30" count="1" type="stmt"/>
        <line num="37" count="26" type="stmt"/>
        <line num="38" count="1" type="cond" truecount="1" falsecount="1"/>
        <line num="39" count="1" type="stmt"/>
        <line num="43" count="26" type="cond" truecount="2" falsecount="0"/>
        <line num="44" count="25" type="stmt"/>
        <line num="49" count="4" type="cond" truecount="2" falsecount="0"/>
        <line num="53" count="30" type="stmt"/>
        <line num="64" count="1" type="stmt"/>
        <line num="68" count="4" type="stmt"/>
      </file>
      <file name="ScoreBoard.js" path="C:\Users\mehme\Desktop\Programlama\Trendyol Front-End Bootcamp\Bitirme Projesi\react-spider-solitaire\src\components\game\ScoreBoard.js">
        <metrics statements="18" coveredstatements="18" conditionals="6" coveredconditionals="4" methods="6" coveredmethods="4"/>
        <line num="6" count="1" type="stmt"/>
        <line num="7" count="3" type="stmt"/>
        <line num="9" count="3" type="stmt"/>
        <line num="11" count="3" type="stmt"/>
        <line num="12" count="3" type="stmt"/>
        <line num="14" count="3" type="stmt"/>
        <line num="16" count="3" type="cond" truecount="1" falsecount="1"/>
        <line num="17" count="3" type="cond" truecount="1" falsecount="1"/>
        <line num="18" count="3" type="stmt"/>
        <line num="22" count="3" type="cond" truecount="2" falsecount="0"/>
        <line num="23" count="1" type="stmt"/>
        <line num="27" count="3" type="stmt"/>
        <line num="28" count="3" type="stmt"/>
        <line num="29" count="3" type="stmt"/>
        <line num="30" count="3" type="stmt"/>
        <line num="36" count="3" type="stmt"/>
        <line num="42" count="1" type="stmt"/>
        <line num="43" count="1" type="stmt"/>
      </file>
      <file name="Stock.js" path="C:\Users\mehme\Desktop\Programlama\Trendyol Front-End Bootcamp\Bitirme Projesi\react-spider-solitaire\src\components\game\Stock.js">
        <metrics statements="11" coveredstatements="11" conditionals="4" coveredconditionals="3" methods="3" coveredmethods="3"/>
        <line num="6" count="3" type="stmt"/>
        <line num="7" count="4" type="stmt"/>
        <line num="8" count="4" type="stmt"/>
        <line num="10" count="4" type="stmt"/>
        <line num="12" count="2" type="cond" truecount="1" falsecount="1"/>
        <line num="14" count="2" type="cond" truecount="2" falsecount="0"/>
        <line num="15" count="1" type="stmt"/>
        <line num="17" count="1" type="stmt"/>
        <line num="25" count="4" type="stmt"/>
        <line num="28" count="7" type="stmt"/>
        <line num="36" count="3" type="stmt"/>
      </file>
      <file name="Tableau.js" path="C:\Users\mehme\Desktop\Programlama\Trendyol Front-End Bootcamp\Bitirme Projesi\react-spider-solitaire\src\components\game\Tableau.js">
        <metrics statements="3" coveredstatements="3" conditionals="0" coveredconditionals="0" methods="1" coveredmethods="1"/>
        <line num="5" count="3" type="stmt"/>
        <line num="6" count="2" type="stmt"/>
        <line num="22" count="3" type="stmt"/>
      </file>
    </package>
    <package name="src.components.layout">
      <metrics statements="19" coveredstatements="18" conditionals="6" coveredconditionals="5" methods="6" coveredmethods="5"/>
      <file name="Alert.js" path="C:\Users\mehme\Desktop\Programlama\Trendyol Front-End Bootcamp\Bitirme Projesi\react-spider-solitaire\src\components\layout\Alert.js">
        <metrics statements="5" coveredstatements="5" conditionals="4" coveredconditionals="3" methods="1" coveredmethods="1"/>
        <line num="4" count="3" type="stmt"/>
        <line num="5" count="3" type="stmt"/>
        <line num="6" count="3" type="stmt"/>
        <line num="8" count="3" type="cond" truecount="2" falsecount="0"/>
        <line num="10" count="1" type="stmt"/>
      </file>
      <file name="End.js" path="C:\Users\mehme\Desktop\Programlama\Trendyol Front-End Bootcamp\Bitirme Projesi\react-spider-solitaire\src\components\layout\End.js">
        <metrics statements="4" coveredstatements="4" conditionals="0" coveredconditionals="0" methods="1" coveredmethods="1"/>
        <line num="5" count="3" type="stmt"/>
        <line num="6" count="1" type="stmt"/>
        <line num="7" count="1" type="stmt"/>
        <line num="9" count="1" type="stmt"/>
      </file>
      <file name="Navbar.js" path="C:\Users\mehme\Desktop\Programlama\Trendyol Front-End Bootcamp\Bitirme Projesi\react-spider-solitaire\src\components\layout\Navbar.js">
        <metrics statements="2" coveredstatements="2" conditionals="0" coveredconditionals="0" methods="1" coveredmethods="1"/>
        <line num="3" count="1" type="stmt"/>
        <line num="4" count="1" type="stmt"/>
      </file>
      <file name="Start.js" path="C:\Users\mehme\Desktop\Programlama\Trendyol Front-End Bootcamp\Bitirme Projesi\react-spider-solitaire\src\components\layout\Start.js">
        <metrics statements="8" coveredstatements="7" conditionals="2" coveredconditionals="2" methods="3" coveredmethods="2"/>
        <line num="4" count="2" type="stmt"/>
        <line num="5" count="4" type="stmt"/>
        <line num="6" count="4" type="stmt"/>
        <line num="8" count="4" type="stmt"/>
        <line num="10" count="4" type="stmt"/>
        <line num="42" count="1" type="stmt"/>
        <line num="44" count="1" type="stmt"/>
        <line num="45" count="0" type="stmt"/>
      </file>
    </package>
    <package name="src.components.pages">
      <metrics statements="10" coveredstatements="10" conditionals="2" coveredconditionals="1" methods="4" coveredmethods="4"/>
      <file name="About.js" path="C:\Users\mehme\Desktop\Programlama\Trendyol Front-End Bootcamp\Bitirme Projesi\react-spider-solitaire\src\components\pages\About.js">
        <metrics statements="2" coveredstatements="2" conditionals="0" coveredconditionals="0" methods="1" coveredmethods="1"/>
        <line num="3" count="1" type="stmt"/>
        <line num="4" count="1" type="stmt"/>
      </file>
      <file name="Home.js" path="C:\Users\mehme\Desktop\Programlama\Trendyol Front-End Bootcamp\Bitirme Projesi\react-spider-solitaire\src\components\pages\Home.js">
        <metrics statements="6" coveredstatements="6" conditionals="2" coveredconditionals="1" methods="2" coveredmethods="2"/>
        <line num="6" count="1" type="stmt"/>
        <line num="7" count="1" type="stmt"/>
        <line num="8" count="1" type="stmt"/>
        <line num="10" count="1" type="stmt"/>
        <line num="11" count="1" type="stmt"/>
        <line num="16" count="1" type="cond" truecount="1" falsecount="1"/>
      </file>
      <file name="NotFound.js" path="C:\Users\mehme\Desktop\Programlama\Trendyol Front-End Bootcamp\Bitirme Projesi\react-spider-solitaire\src\components\pages\NotFound.js">
        <metrics statements="2" coveredstatements="2" conditionals="0" coveredconditionals="0" methods="1" coveredmethods="1"/>
        <line num="3" count="1" type="stmt"/>
        <line num="4" count="1" type="stmt"/>
      </file>
    </package>
    <package name="src.context">
      <metrics statements="98" coveredstatements="1" conditionals="24" coveredconditionals="0" methods="19" coveredmethods="0"/>
      <file name="SolitaireState.js" path="C:\Users\mehme\Desktop\Programlama\Trendyol Front-End Bootcamp\Bitirme Projesi\react-spider-solitaire\src\context\SolitaireState.js">
        <metrics statements="67" coveredstatements="0" conditionals="10" coveredconditionals="0" methods="18" coveredmethods="0"/>
        <line num="37" count="0" type="stmt"/>
        <line num="38" count="0" type="stmt"/>
        <line num="51" count="0" type="stmt"/>
        <line num="54" count="0" type="stmt"/>
        <line num="56" count="0" type="stmt"/>
        <line num="61" count="0" type="stmt"/>
        <line num="66" count="0" type="stmt"/>
        <line num="73" count="0" type="stmt"/>
        <line num="74" count="0" type="stmt"/>
        <line num="80" count="0" type="stmt"/>
        <line num="81" count="0" type="stmt"/>
        <line num="88" count="0" type="stmt"/>
        <line num="90" count="0" type="stmt"/>
        <line num="94" count="0" type="stmt"/>
        <line num="100" count="0" type="stmt"/>
        <line num="105" count="0" type="stmt"/>
        <line num="112" count="0" type="stmt"/>
        <line num="113" count="0" type="stmt"/>
        <line num="120" count="0" type="stmt"/>
        <line num="121" count="0" type="stmt"/>
        <line num="127" count="0" type="stmt"/>
        <line num="129" count="0" type="stmt"/>
        <line num="130" count="0" type="stmt"/>
        <line num="133" count="0" type="stmt"/>
        <line num="134" count="0" type="stmt"/>
        <line num="138" count="0" type="stmt"/>
        <line num="139" count="0" type="stmt"/>
        <line num="143" count="0" type="cond" truecount="0" falsecount="2"/>
        <line num="144" count="0" type="stmt"/>
        <line num="148" count="0" type="stmt"/>
        <line num="150" count="0" type="stmt"/>
        <line num="151" count="0" type="stmt"/>
        <line num="160" count="0" type="stmt"/>
        <line num="161" count="0" type="stmt"/>
        <line num="164" count="0" type="cond" truecount="0" falsecount="2"/>
        <line num="166" count="0" type="stmt"/>
        <line num="172" count="0" type="cond" truecount="0" falsecount="2"/>
        <line num="173" count="0" type="stmt"/>
        <line num="179" count="0" type="stmt"/>
        <line num="188" count="0" type="stmt"/>
        <line num="190" count="0" type="stmt"/>
        <line num="198" count="0" type="stmt"/>
        <line num="200" count="0" type="stmt"/>
        <line num="203" count="0" type="stmt"/>
        <line num="204" count="0" type="stmt"/>
        <line num="208" count="0" type="stmt"/>
        <line num="209" count="0" type="stmt"/>
        <line num="213" count="0" type="stmt"/>
        <line num="214" count="0" type="cond" truecount="0" falsecount="2"/>
        <line num="216" count="0" type="stmt"/>
        <line num="222" count="0" type="cond" truecount="0" falsecount="2"/>
        <line num="223" count="0" type="stmt"/>
        <line num="227" count="0" type="stmt"/>
        <line num="237" count="0" type="stmt"/>
        <line num="246" count="0" type="stmt"/>
        <line num="247" count="0" type="stmt"/>
        <line num="253" count="0" type="stmt"/>
        <line num="254" count="0" type="stmt"/>
        <line num="261" count="0" type="stmt"/>
        <line num="262" count="0" type="stmt"/>
        <line num="267" count="0" type="stmt"/>
        <line num="268" count="0" type="stmt"/>
        <line num="273" count="0" type="stmt"/>
        <line num="274" count="0" type="stmt"/>
        <line num="280" count="0" type="stmt"/>
        <line num="281" count="0" type="stmt"/>
        <line num="286" count="0" type="stmt"/>
      </file>
      <file name="solitaireContext.js" path="C:\Users\mehme\Desktop\Programlama\Trendyol Front-End Bootcamp\Bitirme Projesi\react-spider-solitaire\src\context\solitaireContext.js">
        <metrics statements="1" coveredstatements="1" conditionals="0" coveredconditionals="0" methods="0" coveredmethods="0"/>
        <line num="3" count="12" type="stmt"/>
      </file>
      <file name="solitaireReducer.js" path="C:\Users\mehme\Desktop\Programlama\Trendyol Front-End Bootcamp\Bitirme Projesi\react-spider-solitaire\src\context\solitaireReducer.js">
        <metrics statements="17" coveredstatements="0" conditionals="14" coveredconditionals="0" methods="1" coveredmethods="0"/>
        <line num="17" count="0" type="stmt"/>
        <line num="18" count="0" type="stmt"/>
        <line num="20" count="0" type="cond" truecount="0" falsecount="14"/>
        <line num="22" count="0" type="stmt"/>
        <line num="28" count="0" type="stmt"/>
        <line num="33" count="0" type="stmt"/>
        <line num="38" count="0" type="stmt"/>
        <line num="45" count="0" type="stmt"/>
        <line num="50" count="0" type="stmt"/>
        <line num="55" count="0" type="stmt"/>
        <line num="62" count="0" type="stmt"/>
        <line num="69" count="0" type="stmt"/>
        <line num="81" count="0" type="stmt"/>
        <line num="86" count="0" type="stmt"/>
        <line num="91" count="0" type="stmt"/>
        <line num="96" count="0" type="stmt"/>
        <line num="101" count="0" type="stmt"/>
      </file>
      <file name="types.js" path="C:\Users\mehme\Desktop\Programlama\Trendyol Front-End Bootcamp\Bitirme Projesi\react-spider-solitaire\src\context\types.js">
        <metrics statements="13" coveredstatements="0" conditionals="0" coveredconditionals="0" methods="0" coveredmethods="0"/>
        <line num="1" count="0" type="stmt"/>
        <line num="2" count="0" type="stmt"/>
        <line num="3" count="0" type="stmt"/>
        <line num="4" count="0" type="stmt"/>
        <line num="5" count="0" type="stmt"/>
        <line num="6" count="0" type="stmt"/>
        <line num="7" count="0" type="stmt"/>
        <line num="8" count="0" type="stmt"/>
        <line num="9" count="0" type="stmt"/>
        <line num="10" count="0" type="stmt"/>
        <line num="11" count="0" type="stmt"/>
        <line num="12" count="0" type="stmt"/>
        <line num="13" count="0" type="stmt"/>
      </file>
    </package>
    <package name="src.tests">
      <metrics statements="0" coveredstatements="0" conditionals="0" coveredconditionals="0" methods="0" coveredmethods="0"/>
      <file name="setupTests.js" path="C:\Users\mehme\Desktop\Programlama\Trendyol Front-End Bootcamp\Bitirme Projesi\react-spider-solitaire\src\tests\setupTests.js">
        <metrics statements="0" coveredstatements="0" conditionals="0" coveredconditionals="0" methods="0" coveredmethods="0"/>
      </file>
    </package>
    <package name="src.utils">
      <metrics statements="64" coveredstatements="64" conditionals="19" coveredconditionals="19" methods="18" coveredmethods="18"/>
      <file name="gameFeatures.js" path="C:\Users\mehme\Desktop\Programlama\Trendyol Front-End Bootcamp\Bitirme Projesi\react-spider-solitaire\src\utils\gameFeatures.js">
        <metrics statements="6" coveredstatements="6" conditionals="0" coveredconditionals="0" methods="0" coveredmethods="0"/>
        <line num="2" count="5" type="stmt"/>
        <line num="19" count="5" type="stmt"/>
        <line num="22" count="5" type="stmt"/>
        <line num="25" count="5" type="stmt"/>
        <line num="28" count="5" type="stmt"/>
        <line num="31" count="5" type="stmt"/>
      </file>
      <file name="helpers.js" path="C:\Users\mehme\Desktop\Programlama\Trendyol Front-End Bootcamp\Bitirme Projesi\react-spider-solitaire\src\utils\helpers.js">
        <metrics statements="58" coveredstatements="58" conditionals="19" coveredconditionals="19" methods="18" coveredmethods="18"/>
        <line num="2" count="9" type="stmt"/>
        <line num="3" count="1" type="stmt"/>
        <line num="4" count="3" type="stmt"/>
        <line num="10" count="1" type="stmt"/>
        <line num="14" count="9" type="stmt"/>
        <line num="15" count="1" type="stmt"/>
        <line num="17" count="1" type="stmt"/>
        <line num="18" count="4" type="stmt"/>
        <line num="19" count="4" type="stmt"/>
        <line num="20" count="4" type="stmt"/>
        <line num="21" count="4" type="stmt"/>
        <line num="24" count="1" type="stmt"/>
        <line num="28" count="9" type="stmt"/>
        <line num="29" count="1" type="stmt"/>
        <line num="30" count="1" type="stmt"/>
        <line num="32" count="1" type="stmt"/>
        <line num="33" count="5" type="stmt"/>
        <line num="34" count="5" type="stmt"/>
        <line num="37" count="1" type="stmt"/>
        <line num="41" count="9" type="stmt"/>
        <line num="44" count="9" type="stmt"/>
        <line num="45" count="1" type="stmt"/>
        <line num="46" count="2" type="stmt"/>
        <line num="47" count="4" type="stmt"/>
        <line num="58" count="9" type="stmt"/>
        <line num="59" count="1" type="stmt"/>
        <line num="61" count="1" type="stmt"/>
        <line num="62" count="2" type="stmt"/>
        <line num="64" count="4" type="stmt"/>
        <line num="74" count="1" type="stmt"/>
        <line num="78" count="9" type="stmt"/>
        <line num="79" count="71" type="cond" truecount="5" falsecount="0"/>
        <line num="81" count="5" type="stmt"/>
        <line num="83" count="3" type="stmt"/>
        <line num="85" count="3" type="stmt"/>
        <line num="87" count="15" type="stmt"/>
        <line num="89" count="45" type="stmt"/>
        <line num="94" count="9" type="stmt"/>
        <line num="95" count="5" type="stmt"/>
        <line num="96" count="5" type="stmt"/>
        <line num="98" count="5" type="stmt"/>
        <line num="99" count="33" type="cond" truecount="2" falsecount="0"/>
        <line num="100" count="33" type="stmt"/>
        <line num="103" count="5" type="stmt"/>
        <line num="107" count="9" type="stmt"/>
        <line num="109" count="3" type="cond" truecount="4" falsecount="0"/>
        <line num="110" count="2" type="cond" truecount="2" falsecount="0"/>
        <line num="111" count="1" type="stmt"/>
        <line num="113" count="1" type="stmt"/>
        <line num="119" count="9" type="stmt"/>
        <line num="120" count="6" type="cond" truecount="2" falsecount="0"/>
        <line num="121" count="5" type="stmt"/>
        <line num="125" count="9" type="stmt"/>
        <line num="126" count="4" type="stmt"/>
        <line num="128" count="4" type="stmt"/>
        <line num="129" count="26" type="cond" truecount="2" falsecount="0"/>
        <line num="130" count="6" type="stmt"/>
        <line num="134" count="4" type="stmt"/>
      </file>
    </package>
  </project>
</coverage>
