{"C:\\Users\\mehme\\Desktop\\Programlama\\Trendyol Front-End Bootcamp\\Bitirme Projesi\\react-spider-solitaire\\src\\App.js": {"path":"C:\\Users\\mehme\\Desktop\\Programlama\\Trendyol Front-End Bootcamp\\Bitirme Projesi\\react-spider-solitaire\\src\\App.js","statementMap":{"0":{"start":{"line":12,"column":2},"end":{"line":25,"column":4}}},"fnMap":{"0":{"name":"App","decl":{"start":{"line":11,"column":9},"end":{"line":11,"column":12}},"loc":{"start":{"line":11,"column":15},"end":{"line":26,"column":1}},"line":11}},"branchMap":{},"s":{"0":0},"f":{"0":0},"b":{}}
,"C:\\Users\\mehme\\Desktop\\Programlama\\Trendyol Front-End Bootcamp\\Bitirme Projesi\\react-spider-solitaire\\src\\index.js": {"path":"C:\\Users\\mehme\\Desktop\\Programlama\\Trendyol Front-End Bootcamp\\Bitirme Projesi\\react-spider-solitaire\\src\\index.js","statementMap":{"0":{"start":{"line":5,"column":0},"end":{"line":10,"column":2}}},"fnMap":{},"branchMap":{},"s":{"0":0},"f":{},"b":{}}
,"C:\\Users\\mehme\\Desktop\\Programlama\\Trendyol Front-End Bootcamp\\Bitirme Projesi\\react-spider-solitaire\\src\\components\\game\\Board.js": {"path":"C:\\Users\\mehme\\Desktop\\Programlama\\Trendyol Front-End Bootcamp\\Bitirme Projesi\\react-spider-solitaire\\src\\components\\game\\Board.js","statementMap":{"0":{"start":{"line":9,"column":14},"end":{"line":40,"column":1}},"1":{"start":{"line":10,"column":27},"end":{"line":10,"column":55}},"2":{"start":{"line":12,"column":4},"end":{"line":12,"column":20}},"3":{"start":{"line":14,"column":2},"end":{"line":18,"column":9}},"4":{"start":{"line":15,"column":4},"end":{"line":15,"column":33}},"5":{"start":{"line":20,"column":2},"end":{"line":39,"column":4}}},"fnMap":{"0":{"name":"(anonymous_0)","decl":{"start":{"line":9,"column":14},"end":{"line":9,"column":15}},"loc":{"start":{"line":9,"column":20},"end":{"line":40,"column":1}},"line":9},"1":{"name":"(anonymous_1)","decl":{"start":{"line":14,"column":12},"end":{"line":14,"column":13}},"loc":{"start":{"line":14,"column":18},"end":{"line":18,"column":3}},"line":14}},"branchMap":{"0":{"loc":{"start":{"line":22,"column":7},"end":{"line":37,"column":7}},"type":"cond-expr","locations":[{"start":{"line":23,"column":8},"end":{"line":23,"column":15}},{"start":{"line":25,"column":8},"end":{"line":36,"column":11}}],"line":22}},"s":{"0":2,"1":1,"2":1,"3":1,"4":1,"5":1},"f":{"0":1,"1":1},"b":{"0":[0,1]},"_coverageSchema":"1a1c01bbd47fc00a2c39e90264f33305004495a9","hash":"6919aa6b52482e1ce2f26269b985a9cb7e486f6d"}
,"C:\\Users\\mehme\\Desktop\\Programlama\\Trendyol Front-End Bootcamp\\Bitirme Projesi\\react-spider-solitaire\\src\\components\\game\\Card.js": {"path":"C:\\Users\\mehme\\Desktop\\Programlama\\Trendyol Front-End Bootcamp\\Bitirme Projesi\\react-spider-solitaire\\src\\components\\game\\Card.js","statementMap":{"0":{"start":{"line":6,"column":13},"end":{"line":58,"column":1}},"1":{"start":{"line":7,"column":27},"end":{"line":7,"column":55}},"2":{"start":{"line":8,"column":33},"end":{"line":8,"column":49}},"3":{"start":{"line":10,"column":26},"end":{"line":28,"column":3}},"4":{"start":{"line":11,"column":18},"end":{"line":11,"column":26}},"5":{"start":{"line":14,"column":4},"end":{"line":16,"column":5}},"6":{"start":{"line":15,"column":6},"end":{"line":15,"column":30}},"7":{"start":{"line":19,"column":4},"end":{"line":25,"column":5}},"8":{"start":{"line":20,"column":6},"end":{"line":24,"column":9}},"9":{"start":{"line":21,"column":8},"end":{"line":23,"column":9}},"10":{"start":{"line":22,"column":10},"end":{"line":22,"column":35}},"11":{"start":{"line":27,"column":4},"end":{"line":27,"column":29}},"12":{"start":{"line":30,"column":2},"end":{"line":57,"column":4}},"13":{"start":{"line":36,"column":8},"end":{"line":40,"column":9}},"14":{"start":{"line":37,"column":10},"end":{"line":37,"column":37}},"15":{"start":{"line":39,"column":10},"end":{"line":39,"column":66}},"16":{"start":{"line":60,"column":0},"end":{"line":65,"column":2}}},"fnMap":{"0":{"name":"(anonymous_0)","decl":{"start":{"line":6,"column":13},"end":{"line":6,"column":14}},"loc":{"start":{"line":6,"column":56},"end":{"line":58,"column":1}},"line":6},"1":{"name":"(anonymous_1)","decl":{"start":{"line":10,"column":26},"end":{"line":10,"column":27}},"loc":{"start":{"line":10,"column":32},"end":{"line":28,"column":3}},"line":10},"2":{"name":"(anonymous_2)","decl":{"start":{"line":20,"column":26},"end":{"line":20,"column":27}},"loc":{"start":{"line":20,"column":44},"end":{"line":24,"column":7}},"line":20},"3":{"name":"(anonymous_3)","decl":{"start":{"line":35,"column":15},"end":{"line":35,"column":16}},"loc":{"start":{"line":35,"column":21},"end":{"line":41,"column":7}},"line":35}},"branchMap":{"0":{"loc":{"start":{"line":14,"column":4},"end":{"line":16,"column":5}},"type":"if","locations":[{"start":{"line":14,"column":4},"end":{"line":16,"column":5}},{"start":{"line":14,"column":4},"end":{"line":16,"column":5}}],"line":14},"1":{"loc":{"start":{"line":19,"column":4},"end":{"line":25,"column":5}},"type":"if","locations":[{"start":{"line":19,"column":4},"end":{"line":25,"column":5}},{"start":{"line":19,"column":4},"end":{"line":25,"column":5}}],"line":19},"2":{"loc":{"start":{"line":21,"column":8},"end":{"line":23,"column":9}},"type":"if","locations":[{"start":{"line":21,"column":8},"end":{"line":23,"column":9}},{"start":{"line":21,"column":8},"end":{"line":23,"column":9}}],"line":21},"3":{"loc":{"start":{"line":36,"column":8},"end":{"line":40,"column":9}},"type":"if","locations":[{"start":{"line":36,"column":8},"end":{"line":40,"column":9}},{"start":{"line":36,"column":8},"end":{"line":40,"column":9}}],"line":36}},"s":{"0":5,"1":33,"2":33,"3":33,"4":33,"5":33,"6":7,"7":33,"8":3,"9":3,"10":1,"11":33,"12":33,"13":5,"14":4,"15":1,"16":5},"f":{"0":33,"1":33,"2":3,"3":5},"b":{"0":[7,26],"1":[3,30],"2":[1,2],"3":[4,1]},"_coverageSchema":"1a1c01bbd47fc00a2c39e90264f33305004495a9","hash":"e7444dd1ae69b1f8cc8a77f4d8cfdd7750c3eb01"}
,"C:\\Users\\mehme\\Desktop\\Programlama\\Trendyol Front-End Bootcamp\\Bitirme Projesi\\react-spider-solitaire\\src\\components\\game\\Foundations.js": {"path":"C:\\Users\\mehme\\Desktop\\Programlama\\Trendyol Front-End Bootcamp\\Bitirme Projesi\\react-spider-solitaire\\src\\components\\game\\Foundations.js","statementMap":{"0":{"start":{"line":4,"column":20},"end":{"line":45,"column":1}},"1":{"start":{"line":5,"column":27},"end":{"line":5,"column":55}},"2":{"start":{"line":6,"column":36},"end":{"line":6,"column":52}},"3":{"start":{"line":9,"column":29},"end":{"line":11,"column":3}},"4":{"start":{"line":10,"column":4},"end":{"line":10,"column":79}},"5":{"start":{"line":13,"column":27},"end":{"line":36,"column":3}},"6":{"start":{"line":14,"column":17},"end":{"line":14,"column":19}},"7":{"start":{"line":16,"column":4},"end":{"line":33,"column":5}},"8":{"start":{"line":16,"column":17},"end":{"line":16,"column":18}},"9":{"start":{"line":17,"column":6},"end":{"line":32,"column":8}},"10":{"start":{"line":35,"column":4},"end":{"line":35,"column":18}},"11":{"start":{"line":38,"column":2},"end":{"line":42,"column":20}},"12":{"start":{"line":39,"column":4},"end":{"line":39,"column":38}},"13":{"start":{"line":39,"column":27},"end":{"line":39,"column":38}},"14":{"start":{"line":44,"column":2},"end":{"line":44,"column":63}}},"fnMap":{"0":{"name":"(anonymous_0)","decl":{"start":{"line":4,"column":20},"end":{"line":4,"column":21}},"loc":{"start":{"line":4,"column":26},"end":{"line":45,"column":1}},"line":4},"1":{"name":"(anonymous_1)","decl":{"start":{"line":9,"column":29},"end":{"line":9,"column":30}},"loc":{"start":{"line":9,"column":40},"end":{"line":11,"column":3}},"line":9},"2":{"name":"(anonymous_2)","decl":{"start":{"line":13,"column":27},"end":{"line":13,"column":28}},"loc":{"start":{"line":13,"column":33},"end":{"line":36,"column":3}},"line":13},"3":{"name":"(anonymous_3)","decl":{"start":{"line":38,"column":12},"end":{"line":38,"column":13}},"loc":{"start":{"line":38,"column":18},"end":{"line":42,"column":3}},"line":38}},"branchMap":{"0":{"loc":{"start":{"line":10,"column":11},"end":{"line":10,"column":78}},"type":"cond-expr","locations":[{"start":{"line":10,"column":34},"end":{"line":10,"column":58}},{"start":{"line":10,"column":61},"end":{"line":10,"column":78}}],"line":10},"1":{"loc":{"start":{"line":39,"column":4},"end":{"line":39,"column":38}},"type":"if","locations":[{"start":{"line":39,"column":4},"end":{"line":39,"column":38}},{"start":{"line":39,"column":4},"end":{"line":39,"column":38}}],"line":39}},"s":{"0":3,"1":3,"2":3,"3":3,"4":24,"5":3,"6":3,"7":3,"8":3,"9":24,"10":3,"11":3,"12":3,"13":1,"14":3},"f":{"0":3,"1":24,"2":3,"3":3},"b":{"0":[8,16],"1":[1,2]},"_coverageSchema":"1a1c01bbd47fc00a2c39e90264f33305004495a9","hash":"c49b4d19b0cfefd7dcd31bc92525120445dcc754"}
,"C:\\Users\\mehme\\Desktop\\Programlama\\Trendyol Front-End Bootcamp\\Bitirme Projesi\\react-spider-solitaire\\src\\components\\game\\Pile.js": {"path":"C:\\Users\\mehme\\Desktop\\Programlama\\Trendyol Front-End Bootcamp\\Bitirme Projesi\\react-spider-solitaire\\src\\components\\game\\Pile.js","statementMap":{"0":{"start":{"line":8,"column":13},"end":{"line":66,"column":1}},"1":{"start":{"line":9,"column":27},"end":{"line":9,"column":55}},"2":{"start":{"line":10,"column":62},"end":{"line":10,"column":78}},"3":{"start":{"line":13,"column":20},"end":{"line":33,"column":3}},"4":{"start":{"line":17,"column":4},"end":{"line":32,"column":5}},"5":{"start":{"line":18,"column":30},"end":{"line":18,"column":64}},"6":{"start":{"line":21,"column":6},"end":{"line":23,"column":7}},"7":{"start":{"line":22,"column":8},"end":{"line":22,"column":37}},"8":{"start":{"line":24,"column":11},"end":{"line":32,"column":5}},"9":{"start":{"line":27,"column":6},"end":{"line":31,"column":7}},"10":{"start":{"line":28,"column":8},"end":{"line":28,"column":37}},"11":{"start":{"line":30,"column":8},"end":{"line":30,"column":24}},"12":{"start":{"line":37,"column":26},"end":{"line":41,"column":3}},"13":{"start":{"line":38,"column":4},"end":{"line":40,"column":5}},"14":{"start":{"line":39,"column":6},"end":{"line":39,"column":48}},"15":{"start":{"line":43,"column":2},"end":{"line":65,"column":3}},"16":{"start":{"line":44,"column":4},"end":{"line":62,"column":6}},"17":{"start":{"line":49,"column":10},"end":{"line":49,"column":60}},"18":{"start":{"line":49,"column":33},"end":{"line":49,"column":60}},"19":{"start":{"line":53,"column":10},"end":{"line":59,"column":12}},"20":{"start":{"line":64,"column":4},"end":{"line":64,"column":16}},"21":{"start":{"line":68,"column":0},"end":{"line":71,"column":2}}},"fnMap":{"0":{"name":"(anonymous_0)","decl":{"start":{"line":8,"column":13},"end":{"line":8,"column":14}},"loc":{"start":{"line":8,"column":43},"end":{"line":66,"column":1}},"line":8},"1":{"name":"(anonymous_1)","decl":{"start":{"line":13,"column":20},"end":{"line":13,"column":21}},"loc":{"start":{"line":13,"column":41},"end":{"line":33,"column":3}},"line":13},"2":{"name":"(anonymous_2)","decl":{"start":{"line":37,"column":26},"end":{"line":37,"column":27}},"loc":{"start":{"line":37,"column":37},"end":{"line":41,"column":3}},"line":37},"3":{"name":"(anonymous_3)","decl":{"start":{"line":48,"column":17},"end":{"line":48,"column":18}},"loc":{"start":{"line":48,"column":23},"end":{"line":50,"column":9}},"line":48},"4":{"name":"(anonymous_4)","decl":{"start":{"line":52,"column":18},"end":{"line":52,"column":19}},"loc":{"start":{"line":53,"column":10},"end":{"line":59,"column":12}},"line":53}},"branchMap":{"0":{"loc":{"start":{"line":8,"column":16},"end":{"line":8,"column":25}},"type":"default-arg","locations":[{"start":{"line":8,"column":23},"end":{"line":8,"column":25}}],"line":8},"1":{"loc":{"start":{"line":17,"column":4},"end":{"line":32,"column":5}},"type":"if","locations":[{"start":{"line":17,"column":4},"end":{"line":32,"column":5}},{"start":{"line":17,"column":4},"end":{"line":32,"column":5}}],"line":17},"2":{"loc":{"start":{"line":21,"column":6},"end":{"line":23,"column":7}},"type":"if","locations":[{"start":{"line":21,"column":6},"end":{"line":23,"column":7}},{"start":{"line":21,"column":6},"end":{"line":23,"column":7}}],"line":21},"3":{"loc":{"start":{"line":24,"column":11},"end":{"line":32,"column":5}},"type":"if","locations":[{"start":{"line":24,"column":11},"end":{"line":32,"column":5}},{"start":{"line":24,"column":11},"end":{"line":32,"column":5}}],"line":24},"4":{"loc":{"start":{"line":24,"column":15},"end":{"line":24,"column":69}},"type":"binary-expr","locations":[{"start":{"line":24,"column":15},"end":{"line":24,"column":36}},{"start":{"line":24,"column":40},"end":{"line":24,"column":69}}],"line":24},"5":{"loc":{"start":{"line":27,"column":6},"end":{"line":31,"column":7}},"type":"if","locations":[{"start":{"line":27,"column":6},"end":{"line":31,"column":7}},{"start":{"line":27,"column":6},"end":{"line":31,"column":7}}],"line":27},"6":{"loc":{"start":{"line":38,"column":4},"end":{"line":40,"column":5}},"type":"if","locations":[{"start":{"line":38,"column":4},"end":{"line":40,"column":5}},{"start":{"line":38,"column":4},"end":{"line":40,"column":5}}],"line":38},"7":{"loc":{"start":{"line":43,"column":2},"end":{"line":65,"column":3}},"type":"if","locations":[{"start":{"line":43,"column":2},"end":{"line":65,"column":3}},{"start":{"line":43,"column":2},"end":{"line":65,"column":3}}],"line":43},"8":{"loc":{"start":{"line":49,"column":10},"end":{"line":49,"column":60}},"type":"if","locations":[{"start":{"line":49,"column":10},"end":{"line":49,"column":60}},{"start":{"line":49,"column":10},"end":{"line":49,"column":60}}],"line":49}},"s":{"0":4,"1":26,"2":26,"3":26,"4":3,"5":1,"6":1,"7":1,"8":2,"9":2,"10":1,"11":1,"12":26,"13":1,"14":1,"15":26,"16":25,"17":4,"18":1,"19":30,"20":1,"21":4},"f":{"0":26,"1":3,"2":1,"3":4,"4":30},"b":{"0":[10],"1":[1,2],"2":[1,0],"3":[2,0],"4":[2,2],"5":[1,1],"6":[1,0],"7":[25,1],"8":[1,3]},"_coverageSchema":"1a1c01bbd47fc00a2c39e90264f33305004495a9","hash":"7ea39b8f81dd1228c95eab917595c9fc845a39cc"}
,"C:\\Users\\mehme\\Desktop\\Programlama\\Trendyol Front-End Bootcamp\\Bitirme Projesi\\react-spider-solitaire\\src\\components\\game\\ScoreBoard.js": {"path":"C:\\Users\\mehme\\Desktop\\Programlama\\Trendyol Front-End Bootcamp\\Bitirme Projesi\\react-spider-solitaire\\src\\components\\game\\ScoreBoard.js","statementMap":{"0":{"start":{"line":6,"column":19},"end":{"line":58,"column":1}},"1":{"start":{"line":7,"column":27},"end":{"line":7,"column":55}},"2":{"start":{"line":9,"column":4},"end":{"line":9,"column":20}},"3":{"start":{"line":11,"column":19},"end":{"line":11,"column":28}},"4":{"start":{"line":12,"column":26},"end":{"line":12,"column":37}},"5":{"start":{"line":14,"column":2},"end":{"line":34,"column":27}},"6":{"start":{"line":16,"column":4},"end":{"line":19,"column":5}},"7":{"start":{"line":17,"column":6},"end":{"line":17,"column":35}},"8":{"start":{"line":17,"column":28},"end":{"line":17,"column":35}},"9":{"start":{"line":18,"column":6},"end":{"line":18,"column":72}},"10":{"start":{"line":18,"column":43},"end":{"line":18,"column":64}},"11":{"start":{"line":18,"column":58},"end":{"line":18,"column":63}},"12":{"start":{"line":22,"column":4},"end":{"line":24,"column":5}},"13":{"start":{"line":23,"column":6},"end":{"line":23,"column":25}},"14":{"start":{"line":27,"column":4},"end":{"line":31,"column":6}},"15":{"start":{"line":28,"column":6},"end":{"line":28,"column":38}},"16":{"start":{"line":29,"column":6},"end":{"line":29,"column":27}},"17":{"start":{"line":30,"column":6},"end":{"line":30,"column":17}},"18":{"start":{"line":36,"column":2},"end":{"line":57,"column":4}},"19":{"start":{"line":42,"column":10},"end":{"line":42,"column":18}},"20":{"start":{"line":43,"column":10},"end":{"line":43,"column":24}}},"fnMap":{"0":{"name":"(anonymous_0)","decl":{"start":{"line":6,"column":19},"end":{"line":6,"column":20}},"loc":{"start":{"line":6,"column":25},"end":{"line":58,"column":1}},"line":6},"1":{"name":"(anonymous_1)","decl":{"start":{"line":14,"column":12},"end":{"line":14,"column":13}},"loc":{"start":{"line":14,"column":18},"end":{"line":34,"column":3}},"line":14},"2":{"name":"(anonymous_2)","decl":{"start":{"line":18,"column":37},"end":{"line":18,"column":38}},"loc":{"start":{"line":18,"column":43},"end":{"line":18,"column":64}},"line":18},"3":{"name":"(anonymous_3)","decl":{"start":{"line":18,"column":51},"end":{"line":18,"column":52}},"loc":{"start":{"line":18,"column":58},"end":{"line":18,"column":63}},"line":18},"4":{"name":"(anonymous_4)","decl":{"start":{"line":27,"column":11},"end":{"line":27,"column":12}},"loc":{"start":{"line":27,"column":17},"end":{"line":31,"column":5}},"line":27},"5":{"name":"(anonymous_5)","decl":{"start":{"line":41,"column":17},"end":{"line":41,"column":18}},"loc":{"start":{"line":41,"column":23},"end":{"line":44,"column":9}},"line":41}},"branchMap":{"0":{"loc":{"start":{"line":16,"column":4},"end":{"line":19,"column":5}},"type":"if","locations":[{"start":{"line":16,"column":4},"end":{"line":19,"column":5}},{"start":{"line":16,"column":4},"end":{"line":19,"column":5}}],"line":16},"1":{"loc":{"start":{"line":17,"column":6},"end":{"line":17,"column":35}},"type":"if","locations":[{"start":{"line":17,"column":6},"end":{"line":17,"column":35}},{"start":{"line":17,"column":6},"end":{"line":17,"column":35}}],"line":17},"2":{"loc":{"start":{"line":22,"column":4},"end":{"line":24,"column":5}},"type":"if","locations":[{"start":{"line":22,"column":4},"end":{"line":24,"column":5}},{"start":{"line":22,"column":4},"end":{"line":24,"column":5}}],"line":22}},"s":{"0":2,"1":5,"2":4,"3":4,"4":4,"5":4,"6":4,"7":3,"8":0,"9":3,"10":0,"11":0,"12":4,"13":1,"14":4,"15":4,"16":4,"17":4,"18":4,"19":1,"20":1},"f":{"0":5,"1":4,"2":0,"3":0,"4":4,"5":1},"b":{"0":[3,1],"1":[0,3],"2":[1,3]},"_coverageSchema":"1a1c01bbd47fc00a2c39e90264f33305004495a9","hash":"609991eb3d41b5a77b7462c90ec8298d24fca1f3"}
,"C:\\Users\\mehme\\Desktop\\Programlama\\Trendyol Front-End Bootcamp\\Bitirme Projesi\\react-spider-solitaire\\src\\components\\game\\Stock.js": {"path":"C:\\Users\\mehme\\Desktop\\Programlama\\Trendyol Front-End Bootcamp\\Bitirme Projesi\\react-spider-solitaire\\src\\components\\game\\Stock.js","statementMap":{"0":{"start":{"line":6,"column":14},"end":{"line":34,"column":1}},"1":{"start":{"line":7,"column":27},"end":{"line":7,"column":55}},"2":{"start":{"line":8,"column":42},"end":{"line":8,"column":58}},"3":{"start":{"line":10,"column":28},"end":{"line":23,"column":3}},"4":{"start":{"line":12,"column":4},"end":{"line":22,"column":5}},"5":{"start":{"line":14,"column":6},"end":{"line":21,"column":7}},"6":{"start":{"line":15,"column":8},"end":{"line":15,"column":42}},"7":{"start":{"line":17,"column":8},"end":{"line":20,"column":10}},"8":{"start":{"line":25,"column":2},"end":{"line":33,"column":4}},"9":{"start":{"line":28,"column":8},"end":{"line":30,"column":14}},"10":{"start":{"line":36,"column":0},"end":{"line":38,"column":2}}},"fnMap":{"0":{"name":"(anonymous_0)","decl":{"start":{"line":6,"column":14},"end":{"line":6,"column":15}},"loc":{"start":{"line":6,"column":29},"end":{"line":34,"column":1}},"line":6},"1":{"name":"(anonymous_1)","decl":{"start":{"line":10,"column":28},"end":{"line":10,"column":29}},"loc":{"start":{"line":10,"column":34},"end":{"line":23,"column":3}},"line":10},"2":{"name":"(anonymous_2)","decl":{"start":{"line":27,"column":17},"end":{"line":27,"column":18}},"loc":{"start":{"line":28,"column":8},"end":{"line":30,"column":14}},"line":28}},"branchMap":{"0":{"loc":{"start":{"line":12,"column":4},"end":{"line":22,"column":5}},"type":"if","locations":[{"start":{"line":12,"column":4},"end":{"line":22,"column":5}},{"start":{"line":12,"column":4},"end":{"line":22,"column":5}}],"line":12},"1":{"loc":{"start":{"line":14,"column":6},"end":{"line":21,"column":7}},"type":"if","locations":[{"start":{"line":14,"column":6},"end":{"line":21,"column":7}},{"start":{"line":14,"column":6},"end":{"line":21,"column":7}}],"line":14}},"s":{"0":3,"1":4,"2":4,"3":4,"4":2,"5":2,"6":1,"7":1,"8":4,"9":7,"10":3},"f":{"0":4,"1":2,"2":7},"b":{"0":[2,0],"1":[1,1]},"_coverageSchema":"1a1c01bbd47fc00a2c39e90264f33305004495a9","hash":"19d09ff63f500cd71a02b6e41c18be31c5d845e2"}
,"C:\\Users\\mehme\\Desktop\\Programlama\\Trendyol Front-End Bootcamp\\Bitirme Projesi\\react-spider-solitaire\\src\\components\\game\\Tableau.js": {"path":"C:\\Users\\mehme\\Desktop\\Programlama\\Trendyol Front-End Bootcamp\\Bitirme Projesi\\react-spider-solitaire\\src\\components\\game\\Tableau.js","statementMap":{"0":{"start":{"line":5,"column":16},"end":{"line":20,"column":1}},"1":{"start":{"line":6,"column":2},"end":{"line":19,"column":4}},"2":{"start":{"line":22,"column":0},"end":{"line":24,"column":2}}},"fnMap":{"0":{"name":"(anonymous_0)","decl":{"start":{"line":5,"column":16},"end":{"line":5,"column":17}},"loc":{"start":{"line":5,"column":33},"end":{"line":20,"column":1}},"line":5}},"branchMap":{},"s":{"0":3,"1":2,"2":3},"f":{"0":2},"b":{},"_coverageSchema":"1a1c01bbd47fc00a2c39e90264f33305004495a9","hash":"1ee0ea6cc559cdb8b386dc5fde3b9592e615d066"}
,"C:\\Users\\mehme\\Desktop\\Programlama\\Trendyol Front-End Bootcamp\\Bitirme Projesi\\react-spider-solitaire\\src\\components\\layout\\Alert.js": {"path":"C:\\Users\\mehme\\Desktop\\Programlama\\Trendyol Front-End Bootcamp\\Bitirme Projesi\\react-spider-solitaire\\src\\components\\layout\\Alert.js","statementMap":{"0":{"start":{"line":4,"column":14},"end":{"line":23,"column":1}},"1":{"start":{"line":5,"column":27},"end":{"line":5,"column":55}},"2":{"start":{"line":6,"column":20},"end":{"line":6,"column":36}},"3":{"start":{"line":8,"column":2},"end":{"line":8,"column":26}},"4":{"start":{"line":8,"column":14},"end":{"line":8,"column":26}},"5":{"start":{"line":10,"column":2},"end":{"line":22,"column":4}}},"fnMap":{"0":{"name":"(anonymous_0)","decl":{"start":{"line":4,"column":14},"end":{"line":4,"column":15}},"loc":{"start":{"line":4,"column":20},"end":{"line":23,"column":1}},"line":4}},"branchMap":{"0":{"loc":{"start":{"line":8,"column":2},"end":{"line":8,"column":26}},"type":"if","locations":[{"start":{"line":8,"column":2},"end":{"line":8,"column":26}},{"start":{"line":8,"column":2},"end":{"line":8,"column":26}}],"line":8},"1":{"loc":{"start":{"line":11,"column":20},"end":{"line":11,"column":59}},"type":"cond-expr","locations":[{"start":{"line":11,"column":28},"end":{"line":11,"column":49}},{"start":{"line":11,"column":52},"end":{"line":11,"column":59}}],"line":11}},"s":{"0":3,"1":3,"2":3,"3":3,"4":2,"5":1},"f":{"0":3},"b":{"0":[2,1],"1":[1,0]},"_coverageSchema":"1a1c01bbd47fc00a2c39e90264f33305004495a9","hash":"573eef09b6d9d728d9aaa869e6577a7eef95f668"}
,"C:\\Users\\mehme\\Desktop\\Programlama\\Trendyol Front-End Bootcamp\\Bitirme Projesi\\react-spider-solitaire\\src\\components\\layout\\End.js": {"path":"C:\\Users\\mehme\\Desktop\\Programlama\\Trendyol Front-End Bootcamp\\Bitirme Projesi\\react-spider-solitaire\\src\\components\\layout\\End.js","statementMap":{"0":{"start":{"line":5,"column":12},"end":{"line":24,"column":1}},"1":{"start":{"line":6,"column":27},"end":{"line":6,"column":55}},"2":{"start":{"line":7,"column":26},"end":{"line":7,"column":42}},"3":{"start":{"line":9,"column":2},"end":{"line":23,"column":4}}},"fnMap":{"0":{"name":"(anonymous_0)","decl":{"start":{"line":5,"column":12},"end":{"line":5,"column":13}},"loc":{"start":{"line":5,"column":18},"end":{"line":24,"column":1}},"line":5}},"branchMap":{},"s":{"0":3,"1":1,"2":1,"3":1},"f":{"0":1},"b":{},"_coverageSchema":"1a1c01bbd47fc00a2c39e90264f33305004495a9","hash":"4b314ac00b98a9f21090f225ec127456d9e81042"}
,"C:\\Users\\mehme\\Desktop\\Programlama\\Trendyol Front-End Bootcamp\\Bitirme Projesi\\react-spider-solitaire\\src\\components\\layout\\Navbar.js": {"path":"C:\\Users\\mehme\\Desktop\\Programlama\\Trendyol Front-End Bootcamp\\Bitirme Projesi\\react-spider-solitaire\\src\\components\\layout\\Navbar.js","statementMap":{"0":{"start":{"line":4,"column":15},"end":{"line":22,"column":1}},"1":{"start":{"line":5,"column":2},"end":{"line":21,"column":4}}},"fnMap":{"0":{"name":"(anonymous_0)","decl":{"start":{"line":4,"column":15},"end":{"line":4,"column":16}},"loc":{"start":{"line":4,"column":21},"end":{"line":22,"column":1}},"line":4}},"branchMap":{},"s":{"0":1,"1":2},"f":{"0":2},"b":{},"_coverageSchema":"1a1c01bbd47fc00a2c39e90264f33305004495a9","hash":"4df64d41b06cd0df5de4d70717051bca2ba856ee"}
,"C:\\Users\\mehme\\Desktop\\Programlama\\Trendyol Front-End Bootcamp\\Bitirme Projesi\\react-spider-solitaire\\src\\components\\layout\\Start.js": {"path":"C:\\Users\\mehme\\Desktop\\Programlama\\Trendyol Front-End Bootcamp\\Bitirme Projesi\\react-spider-solitaire\\src\\components\\layout\\Start.js","statementMap":{"0":{"start":{"line":4,"column":14},"end":{"line":60,"column":1}},"1":{"start":{"line":5,"column":27},"end":{"line":5,"column":55}},"2":{"start":{"line":6,"column":25},"end":{"line":6,"column":41}},"3":{"start":{"line":8,"column":42},"end":{"line":8,"column":57}},"4":{"start":{"line":10,"column":2},"end":{"line":59,"column":4}},"5":{"start":{"line":42,"column":12},"end":{"line":42,"column":34}},"6":{"start":{"line":44,"column":12},"end":{"line":46,"column":21}},"7":{"start":{"line":45,"column":14},"end":{"line":45,"column":31}}},"fnMap":{"0":{"name":"(anonymous_0)","decl":{"start":{"line":4,"column":14},"end":{"line":4,"column":15}},"loc":{"start":{"line":4,"column":20},"end":{"line":60,"column":1}},"line":4},"1":{"name":"(anonymous_1)","decl":{"start":{"line":41,"column":19},"end":{"line":41,"column":20}},"loc":{"start":{"line":41,"column":25},"end":{"line":47,"column":11}},"line":41},"2":{"name":"(anonymous_2)","decl":{"start":{"line":44,"column":23},"end":{"line":44,"column":24}},"loc":{"start":{"line":44,"column":29},"end":{"line":46,"column":13}},"line":44}},"branchMap":{"0":{"loc":{"start":{"line":12,"column":22},"end":{"line":12,"column":70}},"type":"cond-expr","locations":[{"start":{"line":12,"column":37},"end":{"line":12,"column":56}},{"start":{"line":12,"column":59},"end":{"line":12,"column":70}}],"line":12}},"s":{"0":2,"1":4,"2":4,"3":4,"4":4,"5":1,"6":1,"7":0},"f":{"0":4,"1":1,"2":0},"b":{"0":[1,3]},"_coverageSchema":"1a1c01bbd47fc00a2c39e90264f33305004495a9","hash":"ae8df4f1aaccb96e72972b23748be0ba6c87bcf1"}
,"C:\\Users\\mehme\\Desktop\\Programlama\\Trendyol Front-End Bootcamp\\Bitirme Projesi\\react-spider-solitaire\\src\\components\\pages\\About.js": {"path":"C:\\Users\\mehme\\Desktop\\Programlama\\Trendyol Front-End Bootcamp\\Bitirme Projesi\\react-spider-solitaire\\src\\components\\pages\\About.js","statementMap":{"0":{"start":{"line":3,"column":14},"end":{"line":5,"column":1}},"1":{"start":{"line":4,"column":2},"end":{"line":4,"column":56}}},"fnMap":{"0":{"name":"(anonymous_0)","decl":{"start":{"line":3,"column":14},"end":{"line":3,"column":15}},"loc":{"start":{"line":3,"column":20},"end":{"line":5,"column":1}},"line":3}},"branchMap":{},"s":{"0":1,"1":1},"f":{"0":1},"b":{},"_coverageSchema":"1a1c01bbd47fc00a2c39e90264f33305004495a9","hash":"ffe7f9feb936dbc6667865d576cfc656611d12eb"}
,"C:\\Users\\mehme\\Desktop\\Programlama\\Trendyol Front-End Bootcamp\\Bitirme Projesi\\react-spider-solitaire\\src\\components\\pages\\Home.js": {"path":"C:\\Users\\mehme\\Desktop\\Programlama\\Trendyol Front-End Bootcamp\\Bitirme Projesi\\react-spider-solitaire\\src\\components\\pages\\Home.js","statementMap":{"0":{"start":{"line":6,"column":13},"end":{"line":17,"column":1}},"1":{"start":{"line":7,"column":27},"end":{"line":7,"column":55}},"2":{"start":{"line":8,"column":37},"end":{"line":8,"column":53}},"3":{"start":{"line":10,"column":2},"end":{"line":14,"column":9}},"4":{"start":{"line":11,"column":4},"end":{"line":11,"column":18}},"5":{"start":{"line":16,"column":2},"end":{"line":16,"column":80}}},"fnMap":{"0":{"name":"(anonymous_0)","decl":{"start":{"line":6,"column":13},"end":{"line":6,"column":14}},"loc":{"start":{"line":6,"column":19},"end":{"line":17,"column":1}},"line":6},"1":{"name":"(anonymous_1)","decl":{"start":{"line":10,"column":12},"end":{"line":10,"column":13}},"loc":{"start":{"line":10,"column":18},"end":{"line":14,"column":3}},"line":10}},"branchMap":{"0":{"loc":{"start":{"line":16,"column":38},"end":{"line":16,"column":71}},"type":"cond-expr","locations":[{"start":{"line":16,"column":50},"end":{"line":16,"column":59}},{"start":{"line":16,"column":62},"end":{"line":16,"column":71}}],"line":16}},"s":{"0":1,"1":1,"2":1,"3":1,"4":1,"5":1},"f":{"0":1,"1":1},"b":{"0":[0,1]},"_coverageSchema":"1a1c01bbd47fc00a2c39e90264f33305004495a9","hash":"f3e45701b807a66572ae291de844cc23d39ee6b8"}
,"C:\\Users\\mehme\\Desktop\\Programlama\\Trendyol Front-End Bootcamp\\Bitirme Projesi\\react-spider-solitaire\\src\\components\\pages\\NotFound.js": {"path":"C:\\Users\\mehme\\Desktop\\Programlama\\Trendyol Front-End Bootcamp\\Bitirme Projesi\\react-spider-solitaire\\src\\components\\pages\\NotFound.js","statementMap":{"0":{"start":{"line":3,"column":17},"end":{"line":5,"column":1}},"1":{"start":{"line":4,"column":2},"end":{"line":4,"column":64}}},"fnMap":{"0":{"name":"(anonymous_0)","decl":{"start":{"line":3,"column":17},"end":{"line":3,"column":18}},"loc":{"start":{"line":3,"column":23},"end":{"line":5,"column":1}},"line":3}},"branchMap":{},"s":{"0":1,"1":1},"f":{"0":1},"b":{},"_coverageSchema":"1a1c01bbd47fc00a2c39e90264f33305004495a9","hash":"75d805b44c7dffd9df0f8954db8d9ac08900716c"}
,"C:\\Users\\mehme\\Desktop\\Programlama\\Trendyol Front-End Bootcamp\\Bitirme Projesi\\react-spider-solitaire\\src\\context\\SolitaireState.js": {"path":"C:\\Users\\mehme\\Desktop\\Programlama\\Trendyol Front-End Bootcamp\\Bitirme Projesi\\react-spider-solitaire\\src\\context\\SolitaireState.js","statementMap":{"0":{"start":{"line":37,"column":23},"end":{"line":317,"column":1}},"1":{"start":{"line":38,"column":23},"end":{"line":49,"column":3}},"2":{"start":{"line":51,"column":28},"end":{"line":51,"column":70}},"3":{"start":{"line":54,"column":22},"end":{"line":70,"column":3}},"4":{"start":{"line":56,"column":4},"end":{"line":56,"column":17}},"5":{"start":{"line":61,"column":18},"end":{"line":63,"column":5}},"6":{"start":{"line":66,"column":4},"end":{"line":69,"column":7}},"7":{"start":{"line":73,"column":21},"end":{"line":77,"column":3}},"8":{"start":{"line":74,"column":4},"end":{"line":76,"column":7}},"9":{"start":{"line":80,"column":21},"end":{"line":85,"column":3}},"10":{"start":{"line":81,"column":4},"end":{"line":84,"column":7}},"11":{"start":{"line":88,"column":32},"end":{"line":109,"column":3}},"12":{"start":{"line":90,"column":4},"end":{"line":90,"column":17}},"13":{"start":{"line":94,"column":18},"end":{"line":96,"column":5}},"14":{"start":{"line":100,"column":20},"end":{"line":102,"column":5}},"15":{"start":{"line":105,"column":4},"end":{"line":108,"column":7}},"16":{"start":{"line":112,"column":22},"end":{"line":117,"column":3}},"17":{"start":{"line":113,"column":4},"end":{"line":116,"column":7}},"18":{"start":{"line":120,"column":24},"end":{"line":124,"column":3}},"19":{"start":{"line":121,"column":4},"end":{"line":123,"column":7}},"20":{"start":{"line":127,"column":20},"end":{"line":195,"column":3}},"21":{"start":{"line":129,"column":23},"end":{"line":129,"column":41}},"22":{"start":{"line":130,"column":21},"end":{"line":130,"column":32}},"23":{"start":{"line":133,"column":21},"end":{"line":133,"column":55}},"24":{"start":{"line":134,"column":19},"end":{"line":134,"column":51}},"25":{"start":{"line":138,"column":28},"end":{"line":140,"column":5}},"26":{"start":{"line":139,"column":16},"end":{"line":139,"column":49}},"27":{"start":{"line":143,"column":4},"end":{"line":145,"column":5}},"28":{"start":{"line":144,"column":6},"end":{"line":144,"column":64}},"29":{"start":{"line":148,"column":26},"end":{"line":148,"column":37}},"30":{"start":{"line":150,"column":4},"end":{"line":157,"column":7}},"31":{"start":{"line":151,"column":6},"end":{"line":156,"column":9}},"32":{"start":{"line":160,"column":23},"end":{"line":160,"column":43}},"33":{"start":{"line":161,"column":4},"end":{"line":161,"column":54}},"34":{"start":{"line":164,"column":4},"end":{"line":194,"column":5}},"35":{"start":{"line":166,"column":6},"end":{"line":169,"column":8}},"36":{"start":{"line":172,"column":6},"end":{"line":176,"column":7}},"37":{"start":{"line":173,"column":8},"end":{"line":175,"column":24}},"38":{"start":{"line":179,"column":6},"end":{"line":186,"column":9}},"39":{"start":{"line":188,"column":6},"end":{"line":188,"column":52}},"40":{"start":{"line":190,"column":6},"end":{"line":193,"column":9}},"41":{"start":{"line":198,"column":19},"end":{"line":243,"column":3}},"42":{"start":{"line":200,"column":23},"end":{"line":200,"column":43}},"43":{"start":{"line":203,"column":4},"end":{"line":205,"column":5}},"44":{"start":{"line":203,"column":17},"end":{"line":203,"column":18}},"45":{"start":{"line":204,"column":6},"end":{"line":204,"column":69}},"46":{"start":{"line":208,"column":25},"end":{"line":210,"column":5}},"47":{"start":{"line":209,"column":28},"end":{"line":209,"column":60}},"48":{"start":{"line":213,"column":4},"end":{"line":242,"column":5}},"49":{"start":{"line":214,"column":6},"end":{"line":241,"column":7}},"50":{"start":{"line":216,"column":8},"end":{"line":219,"column":10}},"51":{"start":{"line":222,"column":8},"end":{"line":224,"column":9}},"52":{"start":{"line":223,"column":10},"end":{"line":223,"column":70}},"53":{"start":{"line":227,"column":8},"end":{"line":234,"column":11}},"54":{"start":{"line":237,"column":8},"end":{"line":240,"column":11}},"55":{"start":{"line":246,"column":16},"end":{"line":250,"column":3}},"56":{"start":{"line":247,"column":4},"end":{"line":249,"column":7}},"57":{"start":{"line":253,"column":23},"end":{"line":258,"column":3}},"58":{"start":{"line":254,"column":4},"end":{"line":257,"column":7}},"59":{"start":{"line":261,"column":19},"end":{"line":270,"column":3}},"60":{"start":{"line":262,"column":4},"end":{"line":265,"column":7}},"61":{"start":{"line":267,"column":4},"end":{"line":269,"column":24}},"62":{"start":{"line":268,"column":6},"end":{"line":268,"column":19}},"63":{"start":{"line":273,"column":21},"end":{"line":277,"column":3}},"64":{"start":{"line":274,"column":4},"end":{"line":276,"column":7}},"65":{"start":{"line":280,"column":19},"end":{"line":284,"column":3}},"66":{"start":{"line":281,"column":4},"end":{"line":283,"column":7}},"67":{"start":{"line":286,"column":2},"end":{"line":316,"column":4}}},"fnMap":{"0":{"name":"(anonymous_0)","decl":{"start":{"line":37,"column":23},"end":{"line":37,"column":24}},"loc":{"start":{"line":37,"column":34},"end":{"line":317,"column":1}},"line":37},"1":{"name":"(anonymous_1)","decl":{"start":{"line":54,"column":22},"end":{"line":54,"column":23}},"loc":{"start":{"line":54,"column":28},"end":{"line":70,"column":3}},"line":54},"2":{"name":"(anonymous_2)","decl":{"start":{"line":73,"column":21},"end":{"line":73,"column":22}},"loc":{"start":{"line":73,"column":27},"end":{"line":77,"column":3}},"line":73},"3":{"name":"(anonymous_3)","decl":{"start":{"line":80,"column":21},"end":{"line":80,"column":22}},"loc":{"start":{"line":80,"column":36},"end":{"line":85,"column":3}},"line":80},"4":{"name":"(anonymous_4)","decl":{"start":{"line":88,"column":32},"end":{"line":88,"column":33}},"loc":{"start":{"line":88,"column":43},"end":{"line":109,"column":3}},"line":88},"5":{"name":"(anonymous_5)","decl":{"start":{"line":112,"column":22},"end":{"line":112,"column":23}},"loc":{"start":{"line":112,"column":33},"end":{"line":117,"column":3}},"line":112},"6":{"name":"(anonymous_6)","decl":{"start":{"line":120,"column":24},"end":{"line":120,"column":25}},"loc":{"start":{"line":120,"column":30},"end":{"line":124,"column":3}},"line":120},"7":{"name":"(anonymous_7)","decl":{"start":{"line":127,"column":20},"end":{"line":127,"column":21}},"loc":{"start":{"line":127,"column":40},"end":{"line":195,"column":3}},"line":127},"8":{"name":"(anonymous_8)","decl":{"start":{"line":139,"column":6},"end":{"line":139,"column":7}},"loc":{"start":{"line":139,"column":16},"end":{"line":139,"column":49}},"line":139},"9":{"name":"(anonymous_9)","decl":{"start":{"line":150,"column":21},"end":{"line":150,"column":22}},"loc":{"start":{"line":150,"column":47},"end":{"line":157,"column":5}},"line":150},"10":{"name":"(anonymous_10)","decl":{"start":{"line":198,"column":19},"end":{"line":198,"column":20}},"loc":{"start":{"line":198,"column":30},"end":{"line":243,"column":3}},"line":198},"11":{"name":"(anonymous_11)","decl":{"start":{"line":209,"column":6},"end":{"line":209,"column":7}},"loc":{"start":{"line":209,"column":28},"end":{"line":209,"column":60}},"line":209},"12":{"name":"(anonymous_12)","decl":{"start":{"line":246,"column":16},"end":{"line":246,"column":17}},"loc":{"start":{"line":246,"column":22},"end":{"line":250,"column":3}},"line":246},"13":{"name":"(anonymous_13)","decl":{"start":{"line":253,"column":23},"end":{"line":253,"column":24}},"loc":{"start":{"line":253,"column":33},"end":{"line":258,"column":3}},"line":253},"14":{"name":"(anonymous_14)","decl":{"start":{"line":261,"column":19},"end":{"line":261,"column":20}},"loc":{"start":{"line":261,"column":44},"end":{"line":270,"column":3}},"line":261},"15":{"name":"(anonymous_15)","decl":{"start":{"line":267,"column":15},"end":{"line":267,"column":16}},"loc":{"start":{"line":267,"column":21},"end":{"line":269,"column":5}},"line":267},"16":{"name":"(anonymous_16)","decl":{"start":{"line":273,"column":21},"end":{"line":273,"column":22}},"loc":{"start":{"line":273,"column":27},"end":{"line":277,"column":3}},"line":273},"17":{"name":"(anonymous_17)","decl":{"start":{"line":280,"column":19},"end":{"line":280,"column":20}},"loc":{"start":{"line":280,"column":25},"end":{"line":284,"column":3}},"line":280}},"branchMap":{"0":{"loc":{"start":{"line":143,"column":4},"end":{"line":145,"column":5}},"type":"if","locations":[{"start":{"line":143,"column":4},"end":{"line":145,"column":5}},{"start":{"line":143,"column":4},"end":{"line":145,"column":5}}],"line":143},"1":{"loc":{"start":{"line":164,"column":4},"end":{"line":194,"column":5}},"type":"if","locations":[{"start":{"line":164,"column":4},"end":{"line":194,"column":5}},{"start":{"line":164,"column":4},"end":{"line":194,"column":5}}],"line":164},"2":{"loc":{"start":{"line":172,"column":6},"end":{"line":176,"column":7}},"type":"if","locations":[{"start":{"line":172,"column":6},"end":{"line":176,"column":7}},{"start":{"line":172,"column":6},"end":{"line":176,"column":7}}],"line":172},"3":{"loc":{"start":{"line":214,"column":6},"end":{"line":241,"column":7}},"type":"if","locations":[{"start":{"line":214,"column":6},"end":{"line":241,"column":7}},{"start":{"line":214,"column":6},"end":{"line":241,"column":7}}],"line":214},"4":{"loc":{"start":{"line":222,"column":8},"end":{"line":224,"column":9}},"type":"if","locations":[{"start":{"line":222,"column":8},"end":{"line":224,"column":9}},{"start":{"line":222,"column":8},"end":{"line":224,"column":9}}],"line":222}},"s":{"0":0,"1":0,"2":0,"3":0,"4":0,"5":0,"6":0,"7":0,"8":0,"9":0,"10":0,"11":0,"12":0,"13":0,"14":0,"15":0,"16":0,"17":0,"18":0,"19":0,"20":0,"21":0,"22":0,"23":0,"24":0,"25":0,"26":0,"27":0,"28":0,"29":0,"30":0,"31":0,"32":0,"33":0,"34":0,"35":0,"36":0,"37":0,"38":0,"39":0,"40":0,"41":0,"42":0,"43":0,"44":0,"45":0,"46":0,"47":0,"48":0,"49":0,"50":0,"51":0,"52":0,"53":0,"54":0,"55":0,"56":0,"57":0,"58":0,"59":0,"60":0,"61":0,"62":0,"63":0,"64":0,"65":0,"66":0,"67":0},"f":{"0":0,"1":0,"2":0,"3":0,"4":0,"5":0,"6":0,"7":0,"8":0,"9":0,"10":0,"11":0,"12":0,"13":0,"14":0,"15":0,"16":0,"17":0},"b":{"0":[0,0],"1":[0,0],"2":[0,0],"3":[0,0],"4":[0,0]}}
,"C:\\Users\\mehme\\Desktop\\Programlama\\Trendyol Front-End Bootcamp\\Bitirme Projesi\\react-spider-solitaire\\src\\context\\solitaireContext.js": {"path":"C:\\Users\\mehme\\Desktop\\Programlama\\Trendyol Front-End Bootcamp\\Bitirme Projesi\\react-spider-solitaire\\src\\context\\solitaireContext.js","statementMap":{"0":{"start":{"line":3,"column":25},"end":{"line":3,"column":40}}},"fnMap":{},"branchMap":{},"s":{"0":12},"f":{},"b":{},"_coverageSchema":"1a1c01bbd47fc00a2c39e90264f33305004495a9","hash":"1e2f53b641e9cf97aa8c4a7d540f3dd316c7e205"}
,"C:\\Users\\mehme\\Desktop\\Programlama\\Trendyol Front-End Bootcamp\\Bitirme Projesi\\react-spider-solitaire\\src\\context\\solitaireReducer.js": {"path":"C:\\Users\\mehme\\Desktop\\Programlama\\Trendyol Front-End Bootcamp\\Bitirme Projesi\\react-spider-solitaire\\src\\context\\solitaireReducer.js","statementMap":{"0":{"start":{"line":17,"column":16},"end":{"line":103,"column":1}},"1":{"start":{"line":18,"column":28},"end":{"line":18,"column":34}},"2":{"start":{"line":20,"column":2},"end":{"line":102,"column":3}},"3":{"start":{"line":22,"column":6},"end":{"line":26,"column":8}},"4":{"start":{"line":28,"column":6},"end":{"line":31,"column":8}},"5":{"start":{"line":33,"column":6},"end":{"line":36,"column":8}},"6":{"start":{"line":38,"column":6},"end":{"line":43,"column":8}},"7":{"start":{"line":45,"column":6},"end":{"line":48,"column":8}},"8":{"start":{"line":50,"column":6},"end":{"line":53,"column":8}},"9":{"start":{"line":55,"column":6},"end":{"line":60,"column":8}},"10":{"start":{"line":62,"column":6},"end":{"line":67,"column":8}},"11":{"start":{"line":69,"column":6},"end":{"line":79,"column":8}},"12":{"start":{"line":81,"column":6},"end":{"line":84,"column":8}},"13":{"start":{"line":86,"column":6},"end":{"line":89,"column":8}},"14":{"start":{"line":91,"column":6},"end":{"line":94,"column":8}},"15":{"start":{"line":96,"column":6},"end":{"line":99,"column":8}},"16":{"start":{"line":101,"column":6},"end":{"line":101,"column":19}}},"fnMap":{"0":{"name":"(anonymous_0)","decl":{"start":{"line":17,"column":16},"end":{"line":17,"column":17}},"loc":{"start":{"line":17,"column":35},"end":{"line":103,"column":1}},"line":17}},"branchMap":{"0":{"loc":{"start":{"line":20,"column":2},"end":{"line":102,"column":3}},"type":"switch","locations":[{"start":{"line":21,"column":4},"end":{"line":26,"column":8}},{"start":{"line":27,"column":4},"end":{"line":31,"column":8}},{"start":{"line":32,"column":4},"end":{"line":36,"column":8}},{"start":{"line":37,"column":4},"end":{"line":43,"column":8}},{"start":{"line":44,"column":4},"end":{"line":48,"column":8}},{"start":{"line":49,"column":4},"end":{"line":53,"column":8}},{"start":{"line":54,"column":4},"end":{"line":60,"column":8}},{"start":{"line":61,"column":4},"end":{"line":67,"column":8}},{"start":{"line":68,"column":4},"end":{"line":79,"column":8}},{"start":{"line":80,"column":4},"end":{"line":84,"column":8}},{"start":{"line":85,"column":4},"end":{"line":89,"column":8}},{"start":{"line":90,"column":4},"end":{"line":94,"column":8}},{"start":{"line":95,"column":4},"end":{"line":99,"column":8}},{"start":{"line":100,"column":4},"end":{"line":101,"column":19}}],"line":20}},"s":{"0":0,"1":0,"2":0,"3":0,"4":0,"5":0,"6":0,"7":0,"8":0,"9":0,"10":0,"11":0,"12":0,"13":0,"14":0,"15":0,"16":0},"f":{"0":0},"b":{"0":[0,0,0,0,0,0,0,0,0,0,0,0,0,0]}}
,"C:\\Users\\mehme\\Desktop\\Programlama\\Trendyol Front-End Bootcamp\\Bitirme Projesi\\react-spider-solitaire\\src\\context\\types.js": {"path":"C:\\Users\\mehme\\Desktop\\Programlama\\Trendyol Front-End Bootcamp\\Bitirme Projesi\\react-spider-solitaire\\src\\context\\types.js","statementMap":{"0":{"start":{"line":1,"column":28},"end":{"line":1,"column":42}},"1":{"start":{"line":2,"column":27},"end":{"line":2,"column":40}},"2":{"start":{"line":3,"column":27},"end":{"line":3,"column":40}},"3":{"start":{"line":4,"column":40},"end":{"line":4,"column":66}},"4":{"start":{"line":5,"column":28},"end":{"line":5,"column":42}},"5":{"start":{"line":6,"column":30},"end":{"line":6,"column":46}},"6":{"start":{"line":7,"column":26},"end":{"line":7,"column":38}},"7":{"start":{"line":8,"column":25},"end":{"line":8,"column":36}},"8":{"start":{"line":9,"column":21},"end":{"line":9,"column":28}},"9":{"start":{"line":10,"column":24},"end":{"line":10,"column":34}},"10":{"start":{"line":11,"column":25},"end":{"line":11,"column":36}},"11":{"start":{"line":12,"column":27},"end":{"line":12,"column":40}},"12":{"start":{"line":13,"column":25},"end":{"line":13,"column":36}}},"fnMap":{},"branchMap":{},"s":{"0":0,"1":0,"2":0,"3":0,"4":0,"5":0,"6":0,"7":0,"8":0,"9":0,"10":0,"11":0,"12":0},"f":{},"b":{}}
,"C:\\Users\\mehme\\Desktop\\Programlama\\Trendyol Front-End Bootcamp\\Bitirme Projesi\\react-spider-solitaire\\src\\tests\\setupTests.js": {"path":"C:\\Users\\mehme\\Desktop\\Programlama\\Trendyol Front-End Bootcamp\\Bitirme Projesi\\react-spider-solitaire\\src\\tests\\setupTests.js","statementMap":{},"fnMap":{},"branchMap":{},"s":{},"f":{},"b":{}}
,"C:\\Users\\mehme\\Desktop\\Programlama\\Trendyol Front-End Bootcamp\\Bitirme Projesi\\react-spider-solitaire\\src\\utils\\gameFeatures.js": {"path":"C:\\Users\\mehme\\Desktop\\Programlama\\Trendyol Front-End Bootcamp\\Bitirme Projesi\\react-spider-solitaire\\src\\utils\\gameFeatures.js","statementMap":{"0":{"start":{"line":2,"column":25},"end":{"line":16,"column":1}},"1":{"start":{"line":19,"column":26},"end":{"line":19,"column":46}},"2":{"start":{"line":22,"column":25},"end":{"line":22,"column":55}},"3":{"start":{"line":25,"column":24},"end":{"line":25,"column":26}},"4":{"start":{"line":28,"column":25},"end":{"line":28,"column":28}},"5":{"start":{"line":31,"column":31},"end":{"line":31,"column":35}}},"fnMap":{},"branchMap":{},"s":{"0":6,"1":6,"2":6,"3":6,"4":6,"5":6},"f":{},"b":{},"_coverageSchema":"1a1c01bbd47fc00a2c39e90264f33305004495a9","hash":"a4f98d8f862fe5111544d2dcdfd2177e0e62d117"}
,"C:\\Users\\mehme\\Desktop\\Programlama\\Trendyol Front-End Bootcamp\\Bitirme Projesi\\react-spider-solitaire\\src\\utils\\helpers.js": {"path":"C:\\Users\\mehme\\Desktop\\Programlama\\Trendyol Front-End Bootcamp\\Bitirme Projesi\\react-spider-solitaire\\src\\utils\\helpers.js","statementMap":{"0":{"start":{"line":2,"column":29},"end":{"line":11,"column":1}},"1":{"start":{"line":3,"column":26},"end":{"line":8,"column":4}},"2":{"start":{"line":4,"column":4},"end":{"line":7,"column":6}},"3":{"start":{"line":10,"column":2},"end":{"line":10,"column":25}},"4":{"start":{"line":14,"column":28},"end":{"line":25,"column":1}},"5":{"start":{"line":15,"column":19},"end":{"line":15,"column":27}},"6":{"start":{"line":17,"column":2},"end":{"line":22,"column":3}},"7":{"start":{"line":17,"column":15},"end":{"line":17,"column":34}},"8":{"start":{"line":18,"column":14},"end":{"line":18,"column":49}},"9":{"start":{"line":19,"column":17},"end":{"line":19,"column":28}},"10":{"start":{"line":20,"column":4},"end":{"line":20,"column":30}},"11":{"start":{"line":21,"column":4},"end":{"line":21,"column":23}},"12":{"start":{"line":24,"column":2},"end":{"line":24,"column":18}},"13":{"start":{"line":28,"column":31},"end":{"line":38,"column":1}},"14":{"start":{"line":29,"column":22},"end":{"line":29,"column":24}},"15":{"start":{"line":30,"column":19},"end":{"line":30,"column":20}},"16":{"start":{"line":32,"column":2},"end":{"line":35,"column":5}},"17":{"start":{"line":33,"column":4},"end":{"line":33,"column":70}},"18":{"start":{"line":34,"column":4},"end":{"line":34,"column":28}},"19":{"start":{"line":37,"column":2},"end":{"line":37,"column":23}},"20":{"start":{"line":41,"column":27},"end":{"line":41,"column":60}},"21":{"start":{"line":41,"column":36},"end":{"line":41,"column":60}},"22":{"start":{"line":44,"column":29},"end":{"line":55,"column":1}},"23":{"start":{"line":45,"column":2},"end":{"line":54,"column":5}},"24":{"start":{"line":46,"column":4},"end":{"line":53,"column":7}},"25":{"start":{"line":47,"column":6},"end":{"line":52,"column":8}},"26":{"start":{"line":58,"column":31},"end":{"line":75,"column":1}},"27":{"start":{"line":59,"column":21},"end":{"line":59,"column":23}},"28":{"start":{"line":61,"column":2},"end":{"line":72,"column":5}},"29":{"start":{"line":62,"column":4},"end":{"line":71,"column":7}},"30":{"start":{"line":64,"column":8},"end":{"line":69,"column":10}},"31":{"start":{"line":74,"column":2},"end":{"line":74,"column":20}},"32":{"start":{"line":78,"column":30},"end":{"line":91,"column":1}},"33":{"start":{"line":79,"column":2},"end":{"line":90,"column":3}},"34":{"start":{"line":81,"column":6},"end":{"line":81,"column":17}},"35":{"start":{"line":83,"column":6},"end":{"line":83,"column":17}},"36":{"start":{"line":85,"column":6},"end":{"line":85,"column":17}},"37":{"start":{"line":87,"column":6},"end":{"line":87,"column":17}},"38":{"start":{"line":89,"column":6},"end":{"line":89,"column":18}},"39":{"start":{"line":94,"column":25},"end":{"line":104,"column":1}},"40":{"start":{"line":95,"column":12},"end":{"line":95,"column":28}},"41":{"start":{"line":96,"column":20},"end":{"line":96,"column":24}},"42":{"start":{"line":98,"column":2},"end":{"line":101,"column":5}},"43":{"start":{"line":99,"column":4},"end":{"line":99,"column":56}},"44":{"start":{"line":100,"column":4},"end":{"line":100,"column":10}},"45":{"start":{"line":103,"column":2},"end":{"line":103,"column":21}},"46":{"start":{"line":107,"column":23},"end":{"line":116,"column":1}},"47":{"start":{"line":109,"column":2},"end":{"line":115,"column":3}},"48":{"start":{"line":110,"column":4},"end":{"line":114,"column":5}},"49":{"start":{"line":111,"column":6},"end":{"line":111,"column":18}},"50":{"start":{"line":113,"column":6},"end":{"line":113,"column":19}},"51":{"start":{"line":119,"column":26},"end":{"line":122,"column":1}},"52":{"start":{"line":120,"column":2},"end":{"line":120,"column":31}},"53":{"start":{"line":120,"column":19},"end":{"line":120,"column":31}},"54":{"start":{"line":121,"column":2},"end":{"line":121,"column":56}},"55":{"start":{"line":125,"column":27},"end":{"line":135,"column":1}},"56":{"start":{"line":126,"column":20},"end":{"line":126,"column":25}},"57":{"start":{"line":128,"column":2},"end":{"line":132,"column":3}},"58":{"start":{"line":129,"column":4},"end":{"line":131,"column":5}},"59":{"start":{"line":130,"column":6},"end":{"line":130,"column":25}},"60":{"start":{"line":134,"column":2},"end":{"line":134,"column":21}}},"fnMap":{"0":{"name":"(anonymous_0)","decl":{"start":{"line":2,"column":29},"end":{"line":2,"column":30}},"loc":{"start":{"line":2,"column":38},"end":{"line":11,"column":1}},"line":2},"1":{"name":"(anonymous_1)","decl":{"start":{"line":3,"column":34},"end":{"line":3,"column":35}},"loc":{"start":{"line":3,"column":51},"end":{"line":8,"column":3}},"line":3},"2":{"name":"(anonymous_2)","decl":{"start":{"line":14,"column":28},"end":{"line":14,"column":29}},"loc":{"start":{"line":14,"column":37},"end":{"line":25,"column":1}},"line":14},"3":{"name":"(anonymous_3)","decl":{"start":{"line":28,"column":31},"end":{"line":28,"column":32}},"loc":{"start":{"line":28,"column":48},"end":{"line":38,"column":1}},"line":28},"4":{"name":"(anonymous_4)","decl":{"start":{"line":32,"column":17},"end":{"line":32,"column":18}},"loc":{"start":{"line":32,"column":32},"end":{"line":35,"column":3}},"line":32},"5":{"name":"(anonymous_5)","decl":{"start":{"line":41,"column":27},"end":{"line":41,"column":28}},"loc":{"start":{"line":41,"column":36},"end":{"line":41,"column":60}},"line":41},"6":{"name":"(anonymous_6)","decl":{"start":{"line":44,"column":29},"end":{"line":44,"column":30}},"loc":{"start":{"line":44,"column":38},"end":{"line":55,"column":1}},"line":44},"7":{"name":"(anonymous_7)","decl":{"start":{"line":45,"column":17},"end":{"line":45,"column":18}},"loc":{"start":{"line":45,"column":32},"end":{"line":54,"column":3}},"line":45},"8":{"name":"(anonymous_8)","decl":{"start":{"line":46,"column":25},"end":{"line":46,"column":26}},"loc":{"start":{"line":46,"column":58},"end":{"line":53,"column":5}},"line":46},"9":{"name":"(anonymous_9)","decl":{"start":{"line":58,"column":31},"end":{"line":58,"column":32}},"loc":{"start":{"line":58,"column":40},"end":{"line":75,"column":1}},"line":58},"10":{"name":"(anonymous_10)","decl":{"start":{"line":61,"column":10},"end":{"line":61,"column":11}},"loc":{"start":{"line":61,"column":28},"end":{"line":72,"column":3}},"line":61},"11":{"name":"(anonymous_11)","decl":{"start":{"line":63,"column":6},"end":{"line":63,"column":7}},"loc":{"start":{"line":63,"column":40},"end":{"line":70,"column":7}},"line":63},"12":{"name":"(anonymous_12)","decl":{"start":{"line":78,"column":30},"end":{"line":78,"column":31}},"loc":{"start":{"line":78,"column":40},"end":{"line":91,"column":1}},"line":78},"13":{"name":"(anonymous_13)","decl":{"start":{"line":94,"column":25},"end":{"line":94,"column":26}},"loc":{"start":{"line":94,"column":34},"end":{"line":104,"column":1}},"line":94},"14":{"name":"(anonymous_14)","decl":{"start":{"line":98,"column":14},"end":{"line":98,"column":15}},"loc":{"start":{"line":98,"column":24},"end":{"line":101,"column":3}},"line":98},"15":{"name":"(anonymous_15)","decl":{"start":{"line":107,"column":23},"end":{"line":107,"column":24}},"loc":{"start":{"line":107,"column":32},"end":{"line":116,"column":1}},"line":107},"16":{"name":"(anonymous_16)","decl":{"start":{"line":119,"column":26},"end":{"line":119,"column":27}},"loc":{"start":{"line":119,"column":33},"end":{"line":122,"column":1}},"line":119},"17":{"name":"(anonymous_17)","decl":{"start":{"line":125,"column":27},"end":{"line":125,"column":28}},"loc":{"start":{"line":125,"column":36},"end":{"line":135,"column":1}},"line":125}},"branchMap":{"0":{"loc":{"start":{"line":68,"column":18},"end":{"line":68,"column":59}},"type":"cond-expr","locations":[{"start":{"line":68,"column":47},"end":{"line":68,"column":51}},{"start":{"line":68,"column":54},"end":{"line":68,"column":59}}],"line":68},"1":{"loc":{"start":{"line":79,"column":2},"end":{"line":90,"column":3}},"type":"switch","locations":[{"start":{"line":80,"column":4},"end":{"line":81,"column":17}},{"start":{"line":82,"column":4},"end":{"line":83,"column":17}},{"start":{"line":84,"column":4},"end":{"line":85,"column":17}},{"start":{"line":86,"column":4},"end":{"line":87,"column":17}},{"start":{"line":88,"column":4},"end":{"line":89,"column":18}}],"line":79},"2":{"loc":{"start":{"line":99,"column":18},"end":{"line":99,"column":55}},"type":"cond-expr","locations":[{"start":{"line":99,"column":43},"end":{"line":99,"column":48}},{"start":{"line":99,"column":51},"end":{"line":99,"column":55}}],"line":99},"3":{"loc":{"start":{"line":109,"column":2},"end":{"line":115,"column":3}},"type":"if","locations":[{"start":{"line":109,"column":2},"end":{"line":115,"column":3}},{"start":{"line":109,"column":2},"end":{"line":115,"column":3}}],"line":109},"4":{"loc":{"start":{"line":109,"column":6},"end":{"line":109,"column":63}},"type":"binary-expr","locations":[{"start":{"line":109,"column":6},"end":{"line":109,"column":43}},{"start":{"line":109,"column":47},"end":{"line":109,"column":63}}],"line":109},"5":{"loc":{"start":{"line":110,"column":4},"end":{"line":114,"column":5}},"type":"if","locations":[{"start":{"line":110,"column":4},"end":{"line":114,"column":5}},{"start":{"line":110,"column":4},"end":{"line":114,"column":5}}],"line":110},"6":{"loc":{"start":{"line":120,"column":2},"end":{"line":120,"column":31}},"type":"if","locations":[{"start":{"line":120,"column":2},"end":{"line":120,"column":31}},{"start":{"line":120,"column":2},"end":{"line":120,"column":31}}],"line":120},"7":{"loc":{"start":{"line":129,"column":4},"end":{"line":131,"column":5}},"type":"if","locations":[{"start":{"line":129,"column":4},"end":{"line":131,"column":5}},{"start":{"line":129,"column":4},"end":{"line":131,"column":5}}],"line":129}},"s":{"0":10,"1":1,"2":3,"3":1,"4":10,"5":1,"6":1,"7":1,"8":4,"9":4,"10":4,"11":4,"12":1,"13":10,"14":1,"15":1,"16":1,"17":5,"18":5,"19":1,"20":10,"21":1,"22":10,"23":1,"24":2,"25":4,"26":10,"27":1,"28":1,"29":2,"30":4,"31":1,"32":10,"33":71,"34":5,"35":3,"36":3,"37":15,"38":45,"39":10,"40":5,"41":5,"42":5,"43":33,"44":33,"45":5,"46":10,"47":3,"48":2,"49":1,"50":1,"51":10,"52":7,"53":1,"54":6,"55":10,"56":4,"57":4,"58":26,"59":6,"60":4},"f":{"0":1,"1":3,"2":1,"3":1,"4":5,"5":1,"6":1,"7":2,"8":4,"9":1,"10":2,"11":4,"12":71,"13":5,"14":33,"15":3,"16":7,"17":4},"b":{"0":[2,2],"1":[5,3,3,15,45],"2":[14,19],"3":[2,1],"4":[3,3],"5":[1,1],"6":[1,6],"7":[6,20]},"_coverageSchema":"1a1c01bbd47fc00a2c39e90264f33305004495a9","hash":"1bc0b643f7d80e84e4915ef6150cb0fbd3a030e9"}
}
