{"C:\\Users\\mehme\\Desktop\\Programlama\\Trendyol Front-End Bootcamp\\Bitirme Projesi\\react-spider-solitaire\\src\\App.js": {"path":"C:\\Users\\mehme\\Desktop\\Programlama\\Trendyol Front-End Bootcamp\\Bitirme Projesi\\react-spider-solitaire\\src\\App.js","statementMap":{"0":{"start":{"line":14,"column":2},"end":{"line":31,"column":4}}},"fnMap":{"0":{"name":"App","decl":{"start":{"line":13,"column":9},"end":{"line":13,"column":12}},"loc":{"start":{"line":13,"column":15},"end":{"line":32,"column":1}},"line":13}},"branchMap":{},"s":{"0":0},"f":{"0":0},"b":{}}
,"C:\\Users\\mehme\\Desktop\\Programlama\\Trendyol Front-End Bootcamp\\Bitirme Projesi\\react-spider-solitaire\\src\\index.js": {"path":"C:\\Users\\mehme\\Desktop\\Programlama\\Trendyol Front-End Bootcamp\\Bitirme Projesi\\react-spider-solitaire\\src\\index.js","statementMap":{"0":{"start":{"line":5,"column":0},"end":{"line":10,"column":2}}},"fnMap":{},"branchMap":{},"s":{"0":0},"f":{},"b":{}}
,"C:\\Users\\mehme\\Desktop\\Programlama\\Trendyol Front-End Bootcamp\\Bitirme Projesi\\react-spider-solitaire\\src\\components\\game\\Board.js": {"path":"C:\\Users\\mehme\\Desktop\\Programlama\\Trendyol Front-End Bootcamp\\Bitirme Projesi\\react-spider-solitaire\\src\\components\\game\\Board.js","statementMap":{"0":{"start":{"line":11,"column":14},"end":{"line":44,"column":1}},"1":{"start":{"line":12,"column":27},"end":{"line":12,"column":55}},"2":{"start":{"line":14,"column":4},"end":{"line":14,"column":20}},"3":{"start":{"line":16,"column":2},"end":{"line":22,"column":9}},"4":{"start":{"line":17,"column":4},"end":{"line":17,"column":33}},"5":{"start":{"line":19,"column":4},"end":{"line":19,"column":26}},"6":{"start":{"line":24,"column":2},"end":{"line":43,"column":4}}},"fnMap":{"0":{"name":"(anonymous_0)","decl":{"start":{"line":11,"column":14},"end":{"line":11,"column":15}},"loc":{"start":{"line":11,"column":20},"end":{"line":44,"column":1}},"line":11},"1":{"name":"(anonymous_1)","decl":{"start":{"line":16,"column":12},"end":{"line":16,"column":13}},"loc":{"start":{"line":16,"column":18},"end":{"line":22,"column":3}},"line":16}},"branchMap":{"0":{"loc":{"start":{"line":26,"column":7},"end":{"line":41,"column":7}},"type":"cond-expr","locations":[{"start":{"line":27,"column":8},"end":{"line":27,"column":15}},{"start":{"line":29,"column":8},"end":{"line":40,"column":11}}],"line":26}},"s":{"0":2,"1":1,"2":1,"3":1,"4":1,"5":1,"6":1},"f":{"0":1,"1":1},"b":{"0":[0,1]},"_coverageSchema":"1a1c01bbd47fc00a2c39e90264f33305004495a9","hash":"fe9e1721a458854d7b6003ce95e1535a8edc0d77"}
,"C:\\Users\\mehme\\Desktop\\Programlama\\Trendyol Front-End Bootcamp\\Bitirme Projesi\\react-spider-solitaire\\src\\components\\game\\Card.js": {"path":"C:\\Users\\mehme\\Desktop\\Programlama\\Trendyol Front-End Bootcamp\\Bitirme Projesi\\react-spider-solitaire\\src\\components\\game\\Card.js","statementMap":{"0":{"start":{"line":7,"column":13},"end":{"line":60,"column":1}},"1":{"start":{"line":8,"column":27},"end":{"line":8,"column":55}},"2":{"start":{"line":9,"column":33},"end":{"line":9,"column":49}},"3":{"start":{"line":11,"column":26},"end":{"line":29,"column":3}},"4":{"start":{"line":12,"column":18},"end":{"line":12,"column":26}},"5":{"start":{"line":15,"column":4},"end":{"line":17,"column":5}},"6":{"start":{"line":16,"column":6},"end":{"line":16,"column":30}},"7":{"start":{"line":20,"column":4},"end":{"line":26,"column":5}},"8":{"start":{"line":21,"column":6},"end":{"line":25,"column":9}},"9":{"start":{"line":22,"column":8},"end":{"line":24,"column":9}},"10":{"start":{"line":23,"column":10},"end":{"line":23,"column":35}},"11":{"start":{"line":28,"column":4},"end":{"line":28,"column":29}},"12":{"start":{"line":31,"column":2},"end":{"line":59,"column":4}},"13":{"start":{"line":37,"column":8},"end":{"line":42,"column":9}},"14":{"start":{"line":38,"column":10},"end":{"line":38,"column":37}},"15":{"start":{"line":39,"column":10},"end":{"line":39,"column":35}},"16":{"start":{"line":41,"column":10},"end":{"line":41,"column":66}},"17":{"start":{"line":62,"column":0},"end":{"line":67,"column":2}}},"fnMap":{"0":{"name":"(anonymous_0)","decl":{"start":{"line":7,"column":13},"end":{"line":7,"column":14}},"loc":{"start":{"line":7,"column":56},"end":{"line":60,"column":1}},"line":7},"1":{"name":"(anonymous_1)","decl":{"start":{"line":11,"column":26},"end":{"line":11,"column":27}},"loc":{"start":{"line":11,"column":32},"end":{"line":29,"column":3}},"line":11},"2":{"name":"(anonymous_2)","decl":{"start":{"line":21,"column":26},"end":{"line":21,"column":27}},"loc":{"start":{"line":21,"column":44},"end":{"line":25,"column":7}},"line":21},"3":{"name":"(anonymous_3)","decl":{"start":{"line":36,"column":15},"end":{"line":36,"column":16}},"loc":{"start":{"line":36,"column":21},"end":{"line":43,"column":7}},"line":36}},"branchMap":{"0":{"loc":{"start":{"line":15,"column":4},"end":{"line":17,"column":5}},"type":"if","locations":[{"start":{"line":15,"column":4},"end":{"line":17,"column":5}},{"start":{"line":15,"column":4},"end":{"line":17,"column":5}}],"line":15},"1":{"loc":{"start":{"line":20,"column":4},"end":{"line":26,"column":5}},"type":"if","locations":[{"start":{"line":20,"column":4},"end":{"line":26,"column":5}},{"start":{"line":20,"column":4},"end":{"line":26,"column":5}}],"line":20},"2":{"loc":{"start":{"line":22,"column":8},"end":{"line":24,"column":9}},"type":"if","locations":[{"start":{"line":22,"column":8},"end":{"line":24,"column":9}},{"start":{"line":22,"column":8},"end":{"line":24,"column":9}}],"line":22},"3":{"loc":{"start":{"line":37,"column":8},"end":{"line":42,"column":9}},"type":"if","locations":[{"start":{"line":37,"column":8},"end":{"line":42,"column":9}},{"start":{"line":37,"column":8},"end":{"line":42,"column":9}}],"line":37}},"s":{"0":5,"1":33,"2":33,"3":33,"4":33,"5":33,"6":7,"7":33,"8":3,"9":3,"10":1,"11":33,"12":33,"13":5,"14":4,"15":4,"16":1,"17":5},"f":{"0":33,"1":33,"2":3,"3":5},"b":{"0":[7,26],"1":[3,30],"2":[1,2],"3":[4,1]},"_coverageSchema":"1a1c01bbd47fc00a2c39e90264f33305004495a9","hash":"e04daa0fc92951795993a10f3d3151af29759d93"}
,"C:\\Users\\mehme\\Desktop\\Programlama\\Trendyol Front-End Bootcamp\\Bitirme Projesi\\react-spider-solitaire\\src\\components\\game\\Foundations.js": {"path":"C:\\Users\\mehme\\Desktop\\Programlama\\Trendyol Front-End Bootcamp\\Bitirme Projesi\\react-spider-solitaire\\src\\components\\game\\Foundations.js","statementMap":{"0":{"start":{"line":6,"column":20},"end":{"line":51,"column":1}},"1":{"start":{"line":7,"column":27},"end":{"line":7,"column":55}},"2":{"start":{"line":8,"column":36},"end":{"line":8,"column":52}},"3":{"start":{"line":11,"column":29},"end":{"line":13,"column":3}},"4":{"start":{"line":12,"column":4},"end":{"line":12,"column":79}},"5":{"start":{"line":15,"column":27},"end":{"line":38,"column":3}},"6":{"start":{"line":16,"column":17},"end":{"line":16,"column":19}},"7":{"start":{"line":18,"column":4},"end":{"line":35,"column":5}},"8":{"start":{"line":18,"column":17},"end":{"line":18,"column":18}},"9":{"start":{"line":19,"column":6},"end":{"line":34,"column":8}},"10":{"start":{"line":37,"column":4},"end":{"line":37,"column":18}},"11":{"start":{"line":40,"column":2},"end":{"line":48,"column":20}},"12":{"start":{"line":41,"column":4},"end":{"line":41,"column":38}},"13":{"start":{"line":41,"column":27},"end":{"line":41,"column":38}},"14":{"start":{"line":43,"column":4},"end":{"line":45,"column":5}},"15":{"start":{"line":44,"column":6},"end":{"line":44,"column":26}},"16":{"start":{"line":50,"column":2},"end":{"line":50,"column":63}}},"fnMap":{"0":{"name":"(anonymous_0)","decl":{"start":{"line":6,"column":20},"end":{"line":6,"column":21}},"loc":{"start":{"line":6,"column":26},"end":{"line":51,"column":1}},"line":6},"1":{"name":"(anonymous_1)","decl":{"start":{"line":11,"column":29},"end":{"line":11,"column":30}},"loc":{"start":{"line":11,"column":40},"end":{"line":13,"column":3}},"line":11},"2":{"name":"(anonymous_2)","decl":{"start":{"line":15,"column":27},"end":{"line":15,"column":28}},"loc":{"start":{"line":15,"column":33},"end":{"line":38,"column":3}},"line":15},"3":{"name":"(anonymous_3)","decl":{"start":{"line":40,"column":12},"end":{"line":40,"column":13}},"loc":{"start":{"line":40,"column":18},"end":{"line":48,"column":3}},"line":40}},"branchMap":{"0":{"loc":{"start":{"line":12,"column":11},"end":{"line":12,"column":78}},"type":"cond-expr","locations":[{"start":{"line":12,"column":34},"end":{"line":12,"column":58}},{"start":{"line":12,"column":61},"end":{"line":12,"column":78}}],"line":12},"1":{"loc":{"start":{"line":41,"column":4},"end":{"line":41,"column":38}},"type":"if","locations":[{"start":{"line":41,"column":4},"end":{"line":41,"column":38}},{"start":{"line":41,"column":4},"end":{"line":41,"column":38}}],"line":41},"2":{"loc":{"start":{"line":43,"column":4},"end":{"line":45,"column":5}},"type":"if","locations":[{"start":{"line":43,"column":4},"end":{"line":45,"column":5}},{"start":{"line":43,"column":4},"end":{"line":45,"column":5}}],"line":43}},"s":{"0":3,"1":3,"2":3,"3":3,"4":24,"5":3,"6":3,"7":3,"8":3,"9":24,"10":3,"11":3,"12":3,"13":1,"14":3,"15":2,"16":3},"f":{"0":3,"1":24,"2":3,"3":3},"b":{"0":[8,16],"1":[1,2],"2":[2,1]},"_coverageSchema":"1a1c01bbd47fc00a2c39e90264f33305004495a9","hash":"1e21cef5fb6926f2a9d8a22b672661156da0d336"}
,"C:\\Users\\mehme\\Desktop\\Programlama\\Trendyol Front-End Bootcamp\\Bitirme Projesi\\react-spider-solitaire\\src\\components\\game\\Pile.js": {"path":"C:\\Users\\mehme\\Desktop\\Programlama\\Trendyol Front-End Bootcamp\\Bitirme Projesi\\react-spider-solitaire\\src\\components\\game\\Pile.js","statementMap":{"0":{"start":{"line":9,"column":13},"end":{"line":88,"column":1}},"1":{"start":{"line":10,"column":27},"end":{"line":10,"column":55}},"2":{"start":{"line":11,"column":62},"end":{"line":11,"column":78}},"3":{"start":{"line":14,"column":20},"end":{"line":34,"column":3}},"4":{"start":{"line":18,"column":4},"end":{"line":33,"column":5}},"5":{"start":{"line":19,"column":30},"end":{"line":19,"column":64}},"6":{"start":{"line":22,"column":6},"end":{"line":24,"column":7}},"7":{"start":{"line":23,"column":8},"end":{"line":23,"column":37}},"8":{"start":{"line":25,"column":11},"end":{"line":33,"column":5}},"9":{"start":{"line":28,"column":6},"end":{"line":32,"column":7}},"10":{"start":{"line":29,"column":8},"end":{"line":29,"column":37}},"11":{"start":{"line":31,"column":8},"end":{"line":31,"column":24}},"12":{"start":{"line":38,"column":26},"end":{"line":43,"column":3}},"13":{"start":{"line":39,"column":4},"end":{"line":42,"column":5}},"14":{"start":{"line":40,"column":6},"end":{"line":40,"column":48}},"15":{"start":{"line":41,"column":6},"end":{"line":41,"column":31}},"16":{"start":{"line":46,"column":24},"end":{"line":62,"column":3}},"17":{"start":{"line":49,"column":4},"end":{"line":57,"column":5}},"18":{"start":{"line":50,"column":6},"end":{"line":50,"column":23}},"19":{"start":{"line":51,"column":11},"end":{"line":57,"column":5}},"20":{"start":{"line":52,"column":6},"end":{"line":52,"column":23}},"21":{"start":{"line":53,"column":11},"end":{"line":57,"column":5}},"22":{"start":{"line":54,"column":6},"end":{"line":54,"column":23}},"23":{"start":{"line":56,"column":6},"end":{"line":56,"column":22}},"24":{"start":{"line":59,"column":4},"end":{"line":61,"column":6}},"25":{"start":{"line":64,"column":2},"end":{"line":87,"column":3}},"26":{"start":{"line":65,"column":4},"end":{"line":84,"column":6}},"27":{"start":{"line":71,"column":10},"end":{"line":71,"column":60}},"28":{"start":{"line":71,"column":33},"end":{"line":71,"column":60}},"29":{"start":{"line":75,"column":10},"end":{"line":81,"column":12}},"30":{"start":{"line":86,"column":4},"end":{"line":86,"column":16}},"31":{"start":{"line":90,"column":0},"end":{"line":93,"column":2}}},"fnMap":{"0":{"name":"(anonymous_0)","decl":{"start":{"line":9,"column":13},"end":{"line":9,"column":14}},"loc":{"start":{"line":9,"column":43},"end":{"line":88,"column":1}},"line":9},"1":{"name":"(anonymous_1)","decl":{"start":{"line":14,"column":20},"end":{"line":14,"column":21}},"loc":{"start":{"line":14,"column":41},"end":{"line":34,"column":3}},"line":14},"2":{"name":"(anonymous_2)","decl":{"start":{"line":38,"column":26},"end":{"line":38,"column":27}},"loc":{"start":{"line":38,"column":37},"end":{"line":43,"column":3}},"line":38},"3":{"name":"(anonymous_3)","decl":{"start":{"line":46,"column":24},"end":{"line":46,"column":25}},"loc":{"start":{"line":46,"column":30},"end":{"line":62,"column":3}},"line":46},"4":{"name":"(anonymous_4)","decl":{"start":{"line":70,"column":17},"end":{"line":70,"column":18}},"loc":{"start":{"line":70,"column":23},"end":{"line":72,"column":9}},"line":70},"5":{"name":"(anonymous_5)","decl":{"start":{"line":74,"column":18},"end":{"line":74,"column":19}},"loc":{"start":{"line":75,"column":10},"end":{"line":81,"column":12}},"line":75}},"branchMap":{"0":{"loc":{"start":{"line":9,"column":16},"end":{"line":9,"column":25}},"type":"default-arg","locations":[{"start":{"line":9,"column":23},"end":{"line":9,"column":25}}],"line":9},"1":{"loc":{"start":{"line":18,"column":4},"end":{"line":33,"column":5}},"type":"if","locations":[{"start":{"line":18,"column":4},"end":{"line":33,"column":5}},{"start":{"line":18,"column":4},"end":{"line":33,"column":5}}],"line":18},"2":{"loc":{"start":{"line":22,"column":6},"end":{"line":24,"column":7}},"type":"if","locations":[{"start":{"line":22,"column":6},"end":{"line":24,"column":7}},{"start":{"line":22,"column":6},"end":{"line":24,"column":7}}],"line":22},"3":{"loc":{"start":{"line":25,"column":11},"end":{"line":33,"column":5}},"type":"if","locations":[{"start":{"line":25,"column":11},"end":{"line":33,"column":5}},{"start":{"line":25,"column":11},"end":{"line":33,"column":5}}],"line":25},"4":{"loc":{"start":{"line":25,"column":15},"end":{"line":25,"column":69}},"type":"binary-expr","locations":[{"start":{"line":25,"column":15},"end":{"line":25,"column":36}},{"start":{"line":25,"column":40},"end":{"line":25,"column":69}}],"line":25},"5":{"loc":{"start":{"line":28,"column":6},"end":{"line":32,"column":7}},"type":"if","locations":[{"start":{"line":28,"column":6},"end":{"line":32,"column":7}},{"start":{"line":28,"column":6},"end":{"line":32,"column":7}}],"line":28},"6":{"loc":{"start":{"line":39,"column":4},"end":{"line":42,"column":5}},"type":"if","locations":[{"start":{"line":39,"column":4},"end":{"line":42,"column":5}},{"start":{"line":39,"column":4},"end":{"line":42,"column":5}}],"line":39},"7":{"loc":{"start":{"line":49,"column":4},"end":{"line":57,"column":5}},"type":"if","locations":[{"start":{"line":49,"column":4},"end":{"line":57,"column":5}},{"start":{"line":49,"column":4},"end":{"line":57,"column":5}}],"line":49},"8":{"loc":{"start":{"line":51,"column":11},"end":{"line":57,"column":5}},"type":"if","locations":[{"start":{"line":51,"column":11},"end":{"line":57,"column":5}},{"start":{"line":51,"column":11},"end":{"line":57,"column":5}}],"line":51},"9":{"loc":{"start":{"line":51,"column":15},"end":{"line":51,"column":67}},"type":"binary-expr","locations":[{"start":{"line":51,"column":15},"end":{"line":51,"column":39}},{"start":{"line":51,"column":43},"end":{"line":51,"column":67}}],"line":51},"10":{"loc":{"start":{"line":53,"column":11},"end":{"line":57,"column":5}},"type":"if","locations":[{"start":{"line":53,"column":11},"end":{"line":57,"column":5}},{"start":{"line":53,"column":11},"end":{"line":57,"column":5}}],"line":53},"11":{"loc":{"start":{"line":53,"column":15},"end":{"line":53,"column":66}},"type":"binary-expr","locations":[{"start":{"line":53,"column":15},"end":{"line":53,"column":38}},{"start":{"line":53,"column":42},"end":{"line":53,"column":66}}],"line":53},"12":{"loc":{"start":{"line":64,"column":2},"end":{"line":87,"column":3}},"type":"if","locations":[{"start":{"line":64,"column":2},"end":{"line":87,"column":3}},{"start":{"line":64,"column":2},"end":{"line":87,"column":3}}],"line":64},"13":{"loc":{"start":{"line":71,"column":10},"end":{"line":71,"column":60}},"type":"if","locations":[{"start":{"line":71,"column":10},"end":{"line":71,"column":60}},{"start":{"line":71,"column":10},"end":{"line":71,"column":60}}],"line":71}},"s":{"0":4,"1":26,"2":26,"3":26,"4":3,"5":1,"6":1,"7":1,"8":2,"9":2,"10":1,"11":1,"12":26,"13":1,"14":1,"15":1,"16":26,"17":25,"18":0,"19":25,"20":25,"21":0,"22":0,"23":0,"24":25,"25":26,"26":25,"27":4,"28":1,"29":30,"30":1,"31":4},"f":{"0":26,"1":3,"2":1,"3":25,"4":4,"5":30},"b":{"0":[10],"1":[1,2],"2":[1,0],"3":[2,0],"4":[2,2],"5":[1,1],"6":[1,0],"7":[0,25],"8":[25,0],"9":[25,25],"10":[0,0],"11":[0,0],"12":[25,1],"13":[1,3]},"_coverageSchema":"1a1c01bbd47fc00a2c39e90264f33305004495a9","hash":"2c87ffe42f7cd5a9a67c3cac11b9770ab105ac95"}
,"C:\\Users\\mehme\\Desktop\\Programlama\\Trendyol Front-End Bootcamp\\Bitirme Projesi\\react-spider-solitaire\\src\\components\\game\\ScoreBoard.js": {"path":"C:\\Users\\mehme\\Desktop\\Programlama\\Trendyol Front-End Bootcamp\\Bitirme Projesi\\react-spider-solitaire\\src\\components\\game\\ScoreBoard.js","statementMap":{"0":{"start":{"line":6,"column":19},"end":{"line":70,"column":1}},"1":{"start":{"line":7,"column":27},"end":{"line":7,"column":55}},"2":{"start":{"line":16,"column":6},"end":{"line":16,"column":22}},"3":{"start":{"line":18,"column":19},"end":{"line":18,"column":28}},"4":{"start":{"line":19,"column":26},"end":{"line":19,"column":37}},"5":{"start":{"line":21,"column":2},"end":{"line":41,"column":27}},"6":{"start":{"line":23,"column":4},"end":{"line":26,"column":5}},"7":{"start":{"line":24,"column":6},"end":{"line":24,"column":35}},"8":{"start":{"line":24,"column":28},"end":{"line":24,"column":35}},"9":{"start":{"line":25,"column":6},"end":{"line":25,"column":72}},"10":{"start":{"line":25,"column":43},"end":{"line":25,"column":64}},"11":{"start":{"line":25,"column":58},"end":{"line":25,"column":63}},"12":{"start":{"line":29,"column":4},"end":{"line":31,"column":5}},"13":{"start":{"line":30,"column":6},"end":{"line":30,"column":25}},"14":{"start":{"line":34,"column":4},"end":{"line":38,"column":6}},"15":{"start":{"line":35,"column":6},"end":{"line":35,"column":38}},"16":{"start":{"line":36,"column":6},"end":{"line":36,"column":27}},"17":{"start":{"line":37,"column":6},"end":{"line":37,"column":17}},"18":{"start":{"line":43,"column":2},"end":{"line":69,"column":4}},"19":{"start":{"line":49,"column":10},"end":{"line":49,"column":18}},"20":{"start":{"line":50,"column":10},"end":{"line":50,"column":24}}},"fnMap":{"0":{"name":"(anonymous_0)","decl":{"start":{"line":6,"column":19},"end":{"line":6,"column":20}},"loc":{"start":{"line":6,"column":25},"end":{"line":70,"column":1}},"line":6},"1":{"name":"(anonymous_1)","decl":{"start":{"line":21,"column":12},"end":{"line":21,"column":13}},"loc":{"start":{"line":21,"column":18},"end":{"line":41,"column":3}},"line":21},"2":{"name":"(anonymous_2)","decl":{"start":{"line":25,"column":37},"end":{"line":25,"column":38}},"loc":{"start":{"line":25,"column":43},"end":{"line":25,"column":64}},"line":25},"3":{"name":"(anonymous_3)","decl":{"start":{"line":25,"column":51},"end":{"line":25,"column":52}},"loc":{"start":{"line":25,"column":58},"end":{"line":25,"column":63}},"line":25},"4":{"name":"(anonymous_4)","decl":{"start":{"line":34,"column":11},"end":{"line":34,"column":12}},"loc":{"start":{"line":34,"column":17},"end":{"line":38,"column":5}},"line":34},"5":{"name":"(anonymous_5)","decl":{"start":{"line":48,"column":17},"end":{"line":48,"column":18}},"loc":{"start":{"line":48,"column":23},"end":{"line":51,"column":9}},"line":48}},"branchMap":{"0":{"loc":{"start":{"line":23,"column":4},"end":{"line":26,"column":5}},"type":"if","locations":[{"start":{"line":23,"column":4},"end":{"line":26,"column":5}},{"start":{"line":23,"column":4},"end":{"line":26,"column":5}}],"line":23},"1":{"loc":{"start":{"line":24,"column":6},"end":{"line":24,"column":35}},"type":"if","locations":[{"start":{"line":24,"column":6},"end":{"line":24,"column":35}},{"start":{"line":24,"column":6},"end":{"line":24,"column":35}}],"line":24},"2":{"loc":{"start":{"line":29,"column":4},"end":{"line":31,"column":5}},"type":"if","locations":[{"start":{"line":29,"column":4},"end":{"line":31,"column":5}},{"start":{"line":29,"column":4},"end":{"line":31,"column":5}}],"line":29}},"s":{"0":1,"1":3,"2":3,"3":3,"4":3,"5":3,"6":3,"7":3,"8":0,"9":3,"10":0,"11":0,"12":3,"13":1,"14":3,"15":3,"16":3,"17":3,"18":3,"19":1,"20":1},"f":{"0":3,"1":3,"2":0,"3":0,"4":3,"5":1},"b":{"0":[3,0],"1":[0,3],"2":[1,2]},"_coverageSchema":"1a1c01bbd47fc00a2c39e90264f33305004495a9","hash":"495ed3a98154573e2d7dc32d10cbbb88e6fb366e"}
,"C:\\Users\\mehme\\Desktop\\Programlama\\Trendyol Front-End Bootcamp\\Bitirme Projesi\\react-spider-solitaire\\src\\components\\game\\Stock.js": {"path":"C:\\Users\\mehme\\Desktop\\Programlama\\Trendyol Front-End Bootcamp\\Bitirme Projesi\\react-spider-solitaire\\src\\components\\game\\Stock.js","statementMap":{"0":{"start":{"line":6,"column":14},"end":{"line":34,"column":1}},"1":{"start":{"line":7,"column":27},"end":{"line":7,"column":55}},"2":{"start":{"line":8,"column":42},"end":{"line":8,"column":58}},"3":{"start":{"line":10,"column":28},"end":{"line":23,"column":3}},"4":{"start":{"line":12,"column":4},"end":{"line":22,"column":5}},"5":{"start":{"line":14,"column":6},"end":{"line":21,"column":7}},"6":{"start":{"line":15,"column":8},"end":{"line":15,"column":42}},"7":{"start":{"line":17,"column":8},"end":{"line":20,"column":10}},"8":{"start":{"line":25,"column":2},"end":{"line":33,"column":4}},"9":{"start":{"line":28,"column":8},"end":{"line":30,"column":14}},"10":{"start":{"line":36,"column":0},"end":{"line":38,"column":2}}},"fnMap":{"0":{"name":"(anonymous_0)","decl":{"start":{"line":6,"column":14},"end":{"line":6,"column":15}},"loc":{"start":{"line":6,"column":29},"end":{"line":34,"column":1}},"line":6},"1":{"name":"(anonymous_1)","decl":{"start":{"line":10,"column":28},"end":{"line":10,"column":29}},"loc":{"start":{"line":10,"column":34},"end":{"line":23,"column":3}},"line":10},"2":{"name":"(anonymous_2)","decl":{"start":{"line":27,"column":17},"end":{"line":27,"column":18}},"loc":{"start":{"line":28,"column":8},"end":{"line":30,"column":14}},"line":28}},"branchMap":{"0":{"loc":{"start":{"line":12,"column":4},"end":{"line":22,"column":5}},"type":"if","locations":[{"start":{"line":12,"column":4},"end":{"line":22,"column":5}},{"start":{"line":12,"column":4},"end":{"line":22,"column":5}}],"line":12},"1":{"loc":{"start":{"line":14,"column":6},"end":{"line":21,"column":7}},"type":"if","locations":[{"start":{"line":14,"column":6},"end":{"line":21,"column":7}},{"start":{"line":14,"column":6},"end":{"line":21,"column":7}}],"line":14}},"s":{"0":3,"1":4,"2":4,"3":4,"4":2,"5":2,"6":1,"7":1,"8":4,"9":7,"10":3},"f":{"0":4,"1":2,"2":7},"b":{"0":[2,0],"1":[1,1]},"_coverageSchema":"1a1c01bbd47fc00a2c39e90264f33305004495a9","hash":"19d09ff63f500cd71a02b6e41c18be31c5d845e2"}
,"C:\\Users\\mehme\\Desktop\\Programlama\\Trendyol Front-End Bootcamp\\Bitirme Projesi\\react-spider-solitaire\\src\\components\\game\\Tableau.js": {"path":"C:\\Users\\mehme\\Desktop\\Programlama\\Trendyol Front-End Bootcamp\\Bitirme Projesi\\react-spider-solitaire\\src\\components\\game\\Tableau.js","statementMap":{"0":{"start":{"line":5,"column":16},"end":{"line":20,"column":1}},"1":{"start":{"line":6,"column":2},"end":{"line":19,"column":4}},"2":{"start":{"line":22,"column":0},"end":{"line":24,"column":2}}},"fnMap":{"0":{"name":"(anonymous_0)","decl":{"start":{"line":5,"column":16},"end":{"line":5,"column":17}},"loc":{"start":{"line":5,"column":33},"end":{"line":20,"column":1}},"line":5}},"branchMap":{},"s":{"0":3,"1":2,"2":3},"f":{"0":2},"b":{},"_coverageSchema":"1a1c01bbd47fc00a2c39e90264f33305004495a9","hash":"1ee0ea6cc559cdb8b386dc5fde3b9592e615d066"}
,"C:\\Users\\mehme\\Desktop\\Programlama\\Trendyol Front-End Bootcamp\\Bitirme Projesi\\react-spider-solitaire\\src\\components\\layout\\Alert.js": {"path":"C:\\Users\\mehme\\Desktop\\Programlama\\Trendyol Front-End Bootcamp\\Bitirme Projesi\\react-spider-solitaire\\src\\components\\layout\\Alert.js","statementMap":{"0":{"start":{"line":4,"column":14},"end":{"line":23,"column":1}},"1":{"start":{"line":5,"column":27},"end":{"line":5,"column":55}},"2":{"start":{"line":6,"column":20},"end":{"line":6,"column":36}},"3":{"start":{"line":8,"column":2},"end":{"line":8,"column":26}},"4":{"start":{"line":8,"column":14},"end":{"line":8,"column":26}},"5":{"start":{"line":10,"column":2},"end":{"line":22,"column":4}}},"fnMap":{"0":{"name":"(anonymous_0)","decl":{"start":{"line":4,"column":14},"end":{"line":4,"column":15}},"loc":{"start":{"line":4,"column":20},"end":{"line":23,"column":1}},"line":4}},"branchMap":{"0":{"loc":{"start":{"line":8,"column":2},"end":{"line":8,"column":26}},"type":"if","locations":[{"start":{"line":8,"column":2},"end":{"line":8,"column":26}},{"start":{"line":8,"column":2},"end":{"line":8,"column":26}}],"line":8},"1":{"loc":{"start":{"line":11,"column":20},"end":{"line":11,"column":59}},"type":"cond-expr","locations":[{"start":{"line":11,"column":28},"end":{"line":11,"column":49}},{"start":{"line":11,"column":52},"end":{"line":11,"column":59}}],"line":11}},"s":{"0":3,"1":3,"2":3,"3":3,"4":2,"5":1},"f":{"0":3},"b":{"0":[2,1],"1":[1,0]},"_coverageSchema":"1a1c01bbd47fc00a2c39e90264f33305004495a9","hash":"573eef09b6d9d728d9aaa869e6577a7eef95f668"}
,"C:\\Users\\mehme\\Desktop\\Programlama\\Trendyol Front-End Bootcamp\\Bitirme Projesi\\react-spider-solitaire\\src\\components\\layout\\End.js": {"path":"C:\\Users\\mehme\\Desktop\\Programlama\\Trendyol Front-End Bootcamp\\Bitirme Projesi\\react-spider-solitaire\\src\\components\\layout\\End.js","statementMap":{"0":{"start":{"line":6,"column":12},"end":{"line":33,"column":1}},"1":{"start":{"line":7,"column":27},"end":{"line":7,"column":55}},"2":{"start":{"line":8,"column":26},"end":{"line":8,"column":42}},"3":{"start":{"line":10,"column":2},"end":{"line":14,"column":9}},"4":{"start":{"line":11,"column":4},"end":{"line":11,"column":24}},"5":{"start":{"line":16,"column":2},"end":{"line":32,"column":4}}},"fnMap":{"0":{"name":"(anonymous_0)","decl":{"start":{"line":6,"column":12},"end":{"line":6,"column":13}},"loc":{"start":{"line":6,"column":18},"end":{"line":33,"column":1}},"line":6},"1":{"name":"(anonymous_1)","decl":{"start":{"line":10,"column":12},"end":{"line":10,"column":13}},"loc":{"start":{"line":10,"column":18},"end":{"line":14,"column":3}},"line":10}},"branchMap":{},"s":{"0":3,"1":1,"2":1,"3":1,"4":1,"5":1},"f":{"0":1,"1":1},"b":{},"_coverageSchema":"1a1c01bbd47fc00a2c39e90264f33305004495a9","hash":"656f943800cd144a12a9f2c73e7c5109d10ac8ee"}
,"C:\\Users\\mehme\\Desktop\\Programlama\\Trendyol Front-End Bootcamp\\Bitirme Projesi\\react-spider-solitaire\\src\\components\\layout\\Footer.js": {"path":"C:\\Users\\mehme\\Desktop\\Programlama\\Trendyol Front-End Bootcamp\\Bitirme Projesi\\react-spider-solitaire\\src\\components\\layout\\Footer.js","statementMap":{"0":{"start":{"line":4,"column":15},"end":{"line":23,"column":1}},"1":{"start":{"line":5,"column":2},"end":{"line":22,"column":4}}},"fnMap":{"0":{"name":"(anonymous_0)","decl":{"start":{"line":4,"column":15},"end":{"line":4,"column":16}},"loc":{"start":{"line":4,"column":21},"end":{"line":23,"column":1}},"line":4}},"branchMap":{},"s":{"0":0,"1":0},"f":{"0":0},"b":{}}
,"C:\\Users\\mehme\\Desktop\\Programlama\\Trendyol Front-End Bootcamp\\Bitirme Projesi\\react-spider-solitaire\\src\\components\\layout\\Navbar.js": {"path":"C:\\Users\\mehme\\Desktop\\Programlama\\Trendyol Front-End Bootcamp\\Bitirme Projesi\\react-spider-solitaire\\src\\components\\layout\\Navbar.js","statementMap":{"0":{"start":{"line":3,"column":15},"end":{"line":17,"column":1}},"1":{"start":{"line":4,"column":2},"end":{"line":16,"column":4}}},"fnMap":{"0":{"name":"(anonymous_0)","decl":{"start":{"line":3,"column":15},"end":{"line":3,"column":16}},"loc":{"start":{"line":3,"column":21},"end":{"line":17,"column":1}},"line":3}},"branchMap":{},"s":{"0":1,"1":1},"f":{"0":1},"b":{},"_coverageSchema":"1a1c01bbd47fc00a2c39e90264f33305004495a9","hash":"e6a9ea04049cc43e0aa776063afdc55a1a37cb88"}
,"C:\\Users\\mehme\\Desktop\\Programlama\\Trendyol Front-End Bootcamp\\Bitirme Projesi\\react-spider-solitaire\\src\\components\\layout\\Start.js": {"path":"C:\\Users\\mehme\\Desktop\\Programlama\\Trendyol Front-End Bootcamp\\Bitirme Projesi\\react-spider-solitaire\\src\\components\\layout\\Start.js","statementMap":{"0":{"start":{"line":4,"column":14},"end":{"line":60,"column":1}},"1":{"start":{"line":5,"column":27},"end":{"line":5,"column":55}},"2":{"start":{"line":6,"column":25},"end":{"line":6,"column":41}},"3":{"start":{"line":8,"column":42},"end":{"line":8,"column":57}},"4":{"start":{"line":10,"column":2},"end":{"line":59,"column":4}},"5":{"start":{"line":42,"column":12},"end":{"line":42,"column":34}},"6":{"start":{"line":44,"column":12},"end":{"line":46,"column":21}},"7":{"start":{"line":45,"column":14},"end":{"line":45,"column":31}}},"fnMap":{"0":{"name":"(anonymous_0)","decl":{"start":{"line":4,"column":14},"end":{"line":4,"column":15}},"loc":{"start":{"line":4,"column":20},"end":{"line":60,"column":1}},"line":4},"1":{"name":"(anonymous_1)","decl":{"start":{"line":41,"column":19},"end":{"line":41,"column":20}},"loc":{"start":{"line":41,"column":25},"end":{"line":47,"column":11}},"line":41},"2":{"name":"(anonymous_2)","decl":{"start":{"line":44,"column":23},"end":{"line":44,"column":24}},"loc":{"start":{"line":44,"column":29},"end":{"line":46,"column":13}},"line":44}},"branchMap":{"0":{"loc":{"start":{"line":12,"column":22},"end":{"line":12,"column":70}},"type":"cond-expr","locations":[{"start":{"line":12,"column":37},"end":{"line":12,"column":56}},{"start":{"line":12,"column":59},"end":{"line":12,"column":70}}],"line":12}},"s":{"0":2,"1":4,"2":4,"3":4,"4":4,"5":1,"6":1,"7":0},"f":{"0":4,"1":1,"2":0},"b":{"0":[1,3]},"_coverageSchema":"1a1c01bbd47fc00a2c39e90264f33305004495a9","hash":"ae8df4f1aaccb96e72972b23748be0ba6c87bcf1"}
,"C:\\Users\\mehme\\Desktop\\Programlama\\Trendyol Front-End Bootcamp\\Bitirme Projesi\\react-spider-solitaire\\src\\components\\pages\\About.js": {"path":"C:\\Users\\mehme\\Desktop\\Programlama\\Trendyol Front-End Bootcamp\\Bitirme Projesi\\react-spider-solitaire\\src\\components\\pages\\About.js","statementMap":{"0":{"start":{"line":5,"column":14},"end":{"line":103,"column":1}},"1":{"start":{"line":6,"column":27},"end":{"line":6,"column":55}},"2":{"start":{"line":7,"column":20},"end":{"line":7,"column":36}},"3":{"start":{"line":9,"column":2},"end":{"line":14,"column":9}},"4":{"start":{"line":10,"column":4},"end":{"line":10,"column":26}},"5":{"start":{"line":11,"column":4},"end":{"line":11,"column":12}},"6":{"start":{"line":16,"column":2},"end":{"line":102,"column":4}}},"fnMap":{"0":{"name":"(anonymous_0)","decl":{"start":{"line":5,"column":14},"end":{"line":5,"column":15}},"loc":{"start":{"line":5,"column":20},"end":{"line":103,"column":1}},"line":5},"1":{"name":"(anonymous_1)","decl":{"start":{"line":9,"column":12},"end":{"line":9,"column":13}},"loc":{"start":{"line":9,"column":18},"end":{"line":14,"column":3}},"line":9}},"branchMap":{},"s":{"0":1,"1":3,"2":2,"3":0,"4":0,"5":0,"6":0},"f":{"0":3,"1":0},"b":{},"_coverageSchema":"1a1c01bbd47fc00a2c39e90264f33305004495a9","hash":"e001b211bd33439d465911e80062cceca814b2c9"}
,"C:\\Users\\mehme\\Desktop\\Programlama\\Trendyol Front-End Bootcamp\\Bitirme Projesi\\react-spider-solitaire\\src\\components\\pages\\Home.js": {"path":"C:\\Users\\mehme\\Desktop\\Programlama\\Trendyol Front-End Bootcamp\\Bitirme Projesi\\react-spider-solitaire\\src\\components\\pages\\Home.js","statementMap":{"0":{"start":{"line":6,"column":13},"end":{"line":17,"column":1}},"1":{"start":{"line":7,"column":27},"end":{"line":7,"column":55}},"2":{"start":{"line":8,"column":37},"end":{"line":8,"column":53}},"3":{"start":{"line":10,"column":2},"end":{"line":14,"column":9}},"4":{"start":{"line":11,"column":4},"end":{"line":11,"column":18}},"5":{"start":{"line":16,"column":2},"end":{"line":16,"column":80}}},"fnMap":{"0":{"name":"(anonymous_0)","decl":{"start":{"line":6,"column":13},"end":{"line":6,"column":14}},"loc":{"start":{"line":6,"column":19},"end":{"line":17,"column":1}},"line":6},"1":{"name":"(anonymous_1)","decl":{"start":{"line":10,"column":12},"end":{"line":10,"column":13}},"loc":{"start":{"line":10,"column":18},"end":{"line":14,"column":3}},"line":10}},"branchMap":{"0":{"loc":{"start":{"line":16,"column":38},"end":{"line":16,"column":71}},"type":"cond-expr","locations":[{"start":{"line":16,"column":50},"end":{"line":16,"column":59}},{"start":{"line":16,"column":62},"end":{"line":16,"column":71}}],"line":16}},"s":{"0":1,"1":1,"2":1,"3":1,"4":1,"5":1},"f":{"0":1,"1":1},"b":{"0":[0,1]},"_coverageSchema":"1a1c01bbd47fc00a2c39e90264f33305004495a9","hash":"f3e45701b807a66572ae291de844cc23d39ee6b8"}
,"C:\\Users\\mehme\\Desktop\\Programlama\\Trendyol Front-End Bootcamp\\Bitirme Projesi\\react-spider-solitaire\\src\\components\\pages\\NotFound.js": {"path":"C:\\Users\\mehme\\Desktop\\Programlama\\Trendyol Front-End Bootcamp\\Bitirme Projesi\\react-spider-solitaire\\src\\components\\pages\\NotFound.js","statementMap":{"0":{"start":{"line":5,"column":17},"end":{"line":27,"column":1}},"1":{"start":{"line":6,"column":27},"end":{"line":6,"column":55}},"2":{"start":{"line":7,"column":20},"end":{"line":7,"column":36}},"3":{"start":{"line":9,"column":2},"end":{"line":14,"column":9}},"4":{"start":{"line":10,"column":4},"end":{"line":10,"column":26}},"5":{"start":{"line":11,"column":4},"end":{"line":11,"column":12}},"6":{"start":{"line":16,"column":2},"end":{"line":26,"column":4}}},"fnMap":{"0":{"name":"(anonymous_0)","decl":{"start":{"line":5,"column":17},"end":{"line":5,"column":18}},"loc":{"start":{"line":5,"column":23},"end":{"line":27,"column":1}},"line":5},"1":{"name":"(anonymous_1)","decl":{"start":{"line":9,"column":12},"end":{"line":9,"column":13}},"loc":{"start":{"line":9,"column":18},"end":{"line":14,"column":3}},"line":9}},"branchMap":{},"s":{"0":1,"1":3,"2":2,"3":0,"4":0,"5":0,"6":0},"f":{"0":3,"1":0},"b":{},"_coverageSchema":"1a1c01bbd47fc00a2c39e90264f33305004495a9","hash":"c054b39c22605a48b77f51f5f41b5db5a02124e2"}
,"C:\\Users\\mehme\\Desktop\\Programlama\\Trendyol Front-End Bootcamp\\Bitirme Projesi\\react-spider-solitaire\\src\\context\\SolitaireState.js": {"path":"C:\\Users\\mehme\\Desktop\\Programlama\\Trendyol Front-End Bootcamp\\Bitirme Projesi\\react-spider-solitaire\\src\\context\\SolitaireState.js","statementMap":{"0":{"start":{"line":36,"column":23},"end":{"line":302,"column":1}},"1":{"start":{"line":37,"column":23},"end":{"line":48,"column":3}},"2":{"start":{"line":50,"column":28},"end":{"line":50,"column":70}},"3":{"start":{"line":53,"column":22},"end":{"line":66,"column":3}},"4":{"start":{"line":57,"column":18},"end":{"line":59,"column":5}},"5":{"start":{"line":62,"column":4},"end":{"line":65,"column":7}},"6":{"start":{"line":69,"column":21},"end":{"line":74,"column":3}},"7":{"start":{"line":70,"column":4},"end":{"line":73,"column":7}},"8":{"start":{"line":77,"column":32},"end":{"line":95,"column":3}},"9":{"start":{"line":80,"column":18},"end":{"line":82,"column":5}},"10":{"start":{"line":86,"column":20},"end":{"line":88,"column":5}},"11":{"start":{"line":91,"column":4},"end":{"line":94,"column":7}},"12":{"start":{"line":98,"column":22},"end":{"line":103,"column":3}},"13":{"start":{"line":99,"column":4},"end":{"line":102,"column":7}},"14":{"start":{"line":106,"column":24},"end":{"line":110,"column":3}},"15":{"start":{"line":107,"column":4},"end":{"line":109,"column":7}},"16":{"start":{"line":113,"column":20},"end":{"line":181,"column":3}},"17":{"start":{"line":115,"column":23},"end":{"line":115,"column":41}},"18":{"start":{"line":116,"column":21},"end":{"line":116,"column":32}},"19":{"start":{"line":119,"column":21},"end":{"line":119,"column":55}},"20":{"start":{"line":120,"column":19},"end":{"line":120,"column":51}},"21":{"start":{"line":124,"column":28},"end":{"line":126,"column":5}},"22":{"start":{"line":125,"column":16},"end":{"line":125,"column":49}},"23":{"start":{"line":129,"column":4},"end":{"line":131,"column":5}},"24":{"start":{"line":130,"column":6},"end":{"line":130,"column":64}},"25":{"start":{"line":134,"column":26},"end":{"line":134,"column":37}},"26":{"start":{"line":136,"column":4},"end":{"line":143,"column":7}},"27":{"start":{"line":137,"column":6},"end":{"line":142,"column":9}},"28":{"start":{"line":146,"column":23},"end":{"line":146,"column":43}},"29":{"start":{"line":147,"column":4},"end":{"line":147,"column":54}},"30":{"start":{"line":150,"column":4},"end":{"line":180,"column":5}},"31":{"start":{"line":152,"column":6},"end":{"line":155,"column":8}},"32":{"start":{"line":158,"column":6},"end":{"line":162,"column":7}},"33":{"start":{"line":159,"column":8},"end":{"line":161,"column":24}},"34":{"start":{"line":165,"column":6},"end":{"line":172,"column":9}},"35":{"start":{"line":174,"column":6},"end":{"line":174,"column":52}},"36":{"start":{"line":176,"column":6},"end":{"line":179,"column":9}},"37":{"start":{"line":184,"column":19},"end":{"line":229,"column":3}},"38":{"start":{"line":186,"column":23},"end":{"line":186,"column":43}},"39":{"start":{"line":189,"column":4},"end":{"line":191,"column":5}},"40":{"start":{"line":189,"column":17},"end":{"line":189,"column":18}},"41":{"start":{"line":190,"column":6},"end":{"line":190,"column":69}},"42":{"start":{"line":194,"column":25},"end":{"line":196,"column":5}},"43":{"start":{"line":195,"column":28},"end":{"line":195,"column":60}},"44":{"start":{"line":199,"column":4},"end":{"line":228,"column":5}},"45":{"start":{"line":200,"column":6},"end":{"line":227,"column":7}},"46":{"start":{"line":202,"column":8},"end":{"line":205,"column":10}},"47":{"start":{"line":208,"column":8},"end":{"line":210,"column":9}},"48":{"start":{"line":209,"column":10},"end":{"line":209,"column":70}},"49":{"start":{"line":213,"column":8},"end":{"line":220,"column":11}},"50":{"start":{"line":223,"column":8},"end":{"line":226,"column":11}},"51":{"start":{"line":232,"column":16},"end":{"line":236,"column":3}},"52":{"start":{"line":233,"column":4},"end":{"line":235,"column":7}},"53":{"start":{"line":239,"column":23},"end":{"line":244,"column":3}},"54":{"start":{"line":240,"column":4},"end":{"line":243,"column":7}},"55":{"start":{"line":247,"column":19},"end":{"line":256,"column":3}},"56":{"start":{"line":248,"column":4},"end":{"line":251,"column":7}},"57":{"start":{"line":253,"column":4},"end":{"line":255,"column":24}},"58":{"start":{"line":254,"column":6},"end":{"line":254,"column":19}},"59":{"start":{"line":259,"column":21},"end":{"line":263,"column":3}},"60":{"start":{"line":260,"column":4},"end":{"line":262,"column":7}},"61":{"start":{"line":266,"column":19},"end":{"line":270,"column":3}},"62":{"start":{"line":267,"column":4},"end":{"line":269,"column":7}},"63":{"start":{"line":272,"column":2},"end":{"line":301,"column":4}}},"fnMap":{"0":{"name":"(anonymous_0)","decl":{"start":{"line":36,"column":23},"end":{"line":36,"column":24}},"loc":{"start":{"line":36,"column":34},"end":{"line":302,"column":1}},"line":36},"1":{"name":"(anonymous_1)","decl":{"start":{"line":53,"column":22},"end":{"line":53,"column":23}},"loc":{"start":{"line":53,"column":28},"end":{"line":66,"column":3}},"line":53},"2":{"name":"(anonymous_2)","decl":{"start":{"line":69,"column":21},"end":{"line":69,"column":22}},"loc":{"start":{"line":69,"column":36},"end":{"line":74,"column":3}},"line":69},"3":{"name":"(anonymous_3)","decl":{"start":{"line":77,"column":32},"end":{"line":77,"column":33}},"loc":{"start":{"line":77,"column":43},"end":{"line":95,"column":3}},"line":77},"4":{"name":"(anonymous_4)","decl":{"start":{"line":98,"column":22},"end":{"line":98,"column":23}},"loc":{"start":{"line":98,"column":33},"end":{"line":103,"column":3}},"line":98},"5":{"name":"(anonymous_5)","decl":{"start":{"line":106,"column":24},"end":{"line":106,"column":25}},"loc":{"start":{"line":106,"column":30},"end":{"line":110,"column":3}},"line":106},"6":{"name":"(anonymous_6)","decl":{"start":{"line":113,"column":20},"end":{"line":113,"column":21}},"loc":{"start":{"line":113,"column":40},"end":{"line":181,"column":3}},"line":113},"7":{"name":"(anonymous_7)","decl":{"start":{"line":125,"column":6},"end":{"line":125,"column":7}},"loc":{"start":{"line":125,"column":16},"end":{"line":125,"column":49}},"line":125},"8":{"name":"(anonymous_8)","decl":{"start":{"line":136,"column":21},"end":{"line":136,"column":22}},"loc":{"start":{"line":136,"column":47},"end":{"line":143,"column":5}},"line":136},"9":{"name":"(anonymous_9)","decl":{"start":{"line":184,"column":19},"end":{"line":184,"column":20}},"loc":{"start":{"line":184,"column":30},"end":{"line":229,"column":3}},"line":184},"10":{"name":"(anonymous_10)","decl":{"start":{"line":195,"column":6},"end":{"line":195,"column":7}},"loc":{"start":{"line":195,"column":28},"end":{"line":195,"column":60}},"line":195},"11":{"name":"(anonymous_11)","decl":{"start":{"line":232,"column":16},"end":{"line":232,"column":17}},"loc":{"start":{"line":232,"column":22},"end":{"line":236,"column":3}},"line":232},"12":{"name":"(anonymous_12)","decl":{"start":{"line":239,"column":23},"end":{"line":239,"column":24}},"loc":{"start":{"line":239,"column":33},"end":{"line":244,"column":3}},"line":239},"13":{"name":"(anonymous_13)","decl":{"start":{"line":247,"column":19},"end":{"line":247,"column":20}},"loc":{"start":{"line":247,"column":44},"end":{"line":256,"column":3}},"line":247},"14":{"name":"(anonymous_14)","decl":{"start":{"line":253,"column":15},"end":{"line":253,"column":16}},"loc":{"start":{"line":253,"column":21},"end":{"line":255,"column":5}},"line":253},"15":{"name":"(anonymous_15)","decl":{"start":{"line":259,"column":21},"end":{"line":259,"column":22}},"loc":{"start":{"line":259,"column":27},"end":{"line":263,"column":3}},"line":259},"16":{"name":"(anonymous_16)","decl":{"start":{"line":266,"column":19},"end":{"line":266,"column":20}},"loc":{"start":{"line":266,"column":25},"end":{"line":270,"column":3}},"line":266}},"branchMap":{"0":{"loc":{"start":{"line":129,"column":4},"end":{"line":131,"column":5}},"type":"if","locations":[{"start":{"line":129,"column":4},"end":{"line":131,"column":5}},{"start":{"line":129,"column":4},"end":{"line":131,"column":5}}],"line":129},"1":{"loc":{"start":{"line":150,"column":4},"end":{"line":180,"column":5}},"type":"if","locations":[{"start":{"line":150,"column":4},"end":{"line":180,"column":5}},{"start":{"line":150,"column":4},"end":{"line":180,"column":5}}],"line":150},"2":{"loc":{"start":{"line":158,"column":6},"end":{"line":162,"column":7}},"type":"if","locations":[{"start":{"line":158,"column":6},"end":{"line":162,"column":7}},{"start":{"line":158,"column":6},"end":{"line":162,"column":7}}],"line":158},"3":{"loc":{"start":{"line":200,"column":6},"end":{"line":227,"column":7}},"type":"if","locations":[{"start":{"line":200,"column":6},"end":{"line":227,"column":7}},{"start":{"line":200,"column":6},"end":{"line":227,"column":7}}],"line":200},"4":{"loc":{"start":{"line":208,"column":8},"end":{"line":210,"column":9}},"type":"if","locations":[{"start":{"line":208,"column":8},"end":{"line":210,"column":9}},{"start":{"line":208,"column":8},"end":{"line":210,"column":9}}],"line":208}},"s":{"0":0,"1":0,"2":0,"3":0,"4":0,"5":0,"6":0,"7":0,"8":0,"9":0,"10":0,"11":0,"12":0,"13":0,"14":0,"15":0,"16":0,"17":0,"18":0,"19":0,"20":0,"21":0,"22":0,"23":0,"24":0,"25":0,"26":0,"27":0,"28":0,"29":0,"30":0,"31":0,"32":0,"33":0,"34":0,"35":0,"36":0,"37":0,"38":0,"39":0,"40":0,"41":0,"42":0,"43":0,"44":0,"45":0,"46":0,"47":0,"48":0,"49":0,"50":0,"51":0,"52":0,"53":0,"54":0,"55":0,"56":0,"57":0,"58":0,"59":0,"60":0,"61":0,"62":0,"63":0},"f":{"0":0,"1":0,"2":0,"3":0,"4":0,"5":0,"6":0,"7":0,"8":0,"9":0,"10":0,"11":0,"12":0,"13":0,"14":0,"15":0,"16":0},"b":{"0":[0,0],"1":[0,0],"2":[0,0],"3":[0,0],"4":[0,0]}}
,"C:\\Users\\mehme\\Desktop\\Programlama\\Trendyol Front-End Bootcamp\\Bitirme Projesi\\react-spider-solitaire\\src\\context\\solitaireContext.js": {"path":"C:\\Users\\mehme\\Desktop\\Programlama\\Trendyol Front-End Bootcamp\\Bitirme Projesi\\react-spider-solitaire\\src\\context\\solitaireContext.js","statementMap":{"0":{"start":{"line":3,"column":25},"end":{"line":3,"column":40}}},"fnMap":{},"branchMap":{},"s":{"0":14},"f":{},"b":{},"_coverageSchema":"1a1c01bbd47fc00a2c39e90264f33305004495a9","hash":"1e2f53b641e9cf97aa8c4a7d540f3dd316c7e205"}
,"C:\\Users\\mehme\\Desktop\\Programlama\\Trendyol Front-End Bootcamp\\Bitirme Projesi\\react-spider-solitaire\\src\\context\\solitaireReducer.js": {"path":"C:\\Users\\mehme\\Desktop\\Programlama\\Trendyol Front-End Bootcamp\\Bitirme Projesi\\react-spider-solitaire\\src\\context\\solitaireReducer.js","statementMap":{"0":{"start":{"line":16,"column":16},"end":{"line":96,"column":1}},"1":{"start":{"line":17,"column":28},"end":{"line":17,"column":34}},"2":{"start":{"line":19,"column":2},"end":{"line":95,"column":3}},"3":{"start":{"line":21,"column":6},"end":{"line":24,"column":8}},"4":{"start":{"line":26,"column":6},"end":{"line":29,"column":8}},"5":{"start":{"line":31,"column":6},"end":{"line":35,"column":8}},"6":{"start":{"line":37,"column":6},"end":{"line":40,"column":8}},"7":{"start":{"line":42,"column":6},"end":{"line":45,"column":8}},"8":{"start":{"line":47,"column":6},"end":{"line":52,"column":8}},"9":{"start":{"line":54,"column":6},"end":{"line":59,"column":8}},"10":{"start":{"line":61,"column":6},"end":{"line":71,"column":8}},"11":{"start":{"line":73,"column":6},"end":{"line":76,"column":8}},"12":{"start":{"line":78,"column":6},"end":{"line":81,"column":8}},"13":{"start":{"line":83,"column":6},"end":{"line":86,"column":8}},"14":{"start":{"line":88,"column":6},"end":{"line":92,"column":8}},"15":{"start":{"line":94,"column":6},"end":{"line":94,"column":19}}},"fnMap":{"0":{"name":"(anonymous_0)","decl":{"start":{"line":16,"column":16},"end":{"line":16,"column":17}},"loc":{"start":{"line":16,"column":35},"end":{"line":96,"column":1}},"line":16}},"branchMap":{"0":{"loc":{"start":{"line":19,"column":2},"end":{"line":95,"column":3}},"type":"switch","locations":[{"start":{"line":20,"column":4},"end":{"line":24,"column":8}},{"start":{"line":25,"column":4},"end":{"line":29,"column":8}},{"start":{"line":30,"column":4},"end":{"line":35,"column":8}},{"start":{"line":36,"column":4},"end":{"line":40,"column":8}},{"start":{"line":41,"column":4},"end":{"line":45,"column":8}},{"start":{"line":46,"column":4},"end":{"line":52,"column":8}},{"start":{"line":53,"column":4},"end":{"line":59,"column":8}},{"start":{"line":60,"column":4},"end":{"line":71,"column":8}},{"start":{"line":72,"column":4},"end":{"line":76,"column":8}},{"start":{"line":77,"column":4},"end":{"line":81,"column":8}},{"start":{"line":82,"column":4},"end":{"line":86,"column":8}},{"start":{"line":87,"column":4},"end":{"line":92,"column":8}},{"start":{"line":93,"column":4},"end":{"line":94,"column":19}}],"line":19}},"s":{"0":0,"1":0,"2":0,"3":0,"4":0,"5":0,"6":0,"7":0,"8":0,"9":0,"10":0,"11":0,"12":0,"13":0,"14":0,"15":0},"f":{"0":0},"b":{"0":[0,0,0,0,0,0,0,0,0,0,0,0,0]}}
,"C:\\Users\\mehme\\Desktop\\Programlama\\Trendyol Front-End Bootcamp\\Bitirme Projesi\\react-spider-solitaire\\src\\context\\types.js": {"path":"C:\\Users\\mehme\\Desktop\\Programlama\\Trendyol Front-End Bootcamp\\Bitirme Projesi\\react-spider-solitaire\\src\\context\\types.js","statementMap":{"0":{"start":{"line":1,"column":28},"end":{"line":1,"column":42}},"1":{"start":{"line":2,"column":27},"end":{"line":2,"column":40}},"2":{"start":{"line":3,"column":40},"end":{"line":3,"column":66}},"3":{"start":{"line":4,"column":28},"end":{"line":4,"column":42}},"4":{"start":{"line":5,"column":30},"end":{"line":5,"column":46}},"5":{"start":{"line":6,"column":26},"end":{"line":6,"column":38}},"6":{"start":{"line":7,"column":25},"end":{"line":7,"column":36}},"7":{"start":{"line":8,"column":21},"end":{"line":8,"column":28}},"8":{"start":{"line":9,"column":24},"end":{"line":9,"column":34}},"9":{"start":{"line":10,"column":25},"end":{"line":10,"column":36}},"10":{"start":{"line":11,"column":27},"end":{"line":11,"column":40}},"11":{"start":{"line":12,"column":25},"end":{"line":12,"column":36}}},"fnMap":{},"branchMap":{},"s":{"0":0,"1":0,"2":0,"3":0,"4":0,"5":0,"6":0,"7":0,"8":0,"9":0,"10":0,"11":0},"f":{},"b":{}}
,"C:\\Users\\mehme\\Desktop\\Programlama\\Trendyol Front-End Bootcamp\\Bitirme Projesi\\react-spider-solitaire\\src\\tests\\setupTests.js": {"path":"C:\\Users\\mehme\\Desktop\\Programlama\\Trendyol Front-End Bootcamp\\Bitirme Projesi\\react-spider-solitaire\\src\\tests\\setupTests.js","statementMap":{},"fnMap":{},"branchMap":{},"s":{},"f":{},"b":{}}
,"C:\\Users\\mehme\\Desktop\\Programlama\\Trendyol Front-End Bootcamp\\Bitirme Projesi\\react-spider-solitaire\\src\\utils\\gameFeatures.js": {"path":"C:\\Users\\mehme\\Desktop\\Programlama\\Trendyol Front-End Bootcamp\\Bitirme Projesi\\react-spider-solitaire\\src\\utils\\gameFeatures.js","statementMap":{"0":{"start":{"line":2,"column":25},"end":{"line":16,"column":1}},"1":{"start":{"line":19,"column":26},"end":{"line":19,"column":46}},"2":{"start":{"line":22,"column":25},"end":{"line":22,"column":55}},"3":{"start":{"line":25,"column":24},"end":{"line":25,"column":26}},"4":{"start":{"line":28,"column":25},"end":{"line":28,"column":28}},"5":{"start":{"line":31,"column":31},"end":{"line":31,"column":35}}},"fnMap":{},"branchMap":{},"s":{"0":5,"1":5,"2":5,"3":5,"4":5,"5":5},"f":{},"b":{},"_coverageSchema":"1a1c01bbd47fc00a2c39e90264f33305004495a9","hash":"a4f98d8f862fe5111544d2dcdfd2177e0e62d117"}
,"C:\\Users\\mehme\\Desktop\\Programlama\\Trendyol Front-End Bootcamp\\Bitirme Projesi\\react-spider-solitaire\\src\\utils\\helpers.js": {"path":"C:\\Users\\mehme\\Desktop\\Programlama\\Trendyol Front-End Bootcamp\\Bitirme Projesi\\react-spider-solitaire\\src\\utils\\helpers.js","statementMap":{"0":{"start":{"line":2,"column":29},"end":{"line":11,"column":1}},"1":{"start":{"line":3,"column":26},"end":{"line":8,"column":4}},"2":{"start":{"line":4,"column":4},"end":{"line":7,"column":6}},"3":{"start":{"line":10,"column":2},"end":{"line":10,"column":25}},"4":{"start":{"line":14,"column":28},"end":{"line":25,"column":1}},"5":{"start":{"line":15,"column":19},"end":{"line":15,"column":27}},"6":{"start":{"line":17,"column":2},"end":{"line":22,"column":3}},"7":{"start":{"line":17,"column":15},"end":{"line":17,"column":34}},"8":{"start":{"line":18,"column":14},"end":{"line":18,"column":49}},"9":{"start":{"line":19,"column":17},"end":{"line":19,"column":28}},"10":{"start":{"line":20,"column":4},"end":{"line":20,"column":30}},"11":{"start":{"line":21,"column":4},"end":{"line":21,"column":23}},"12":{"start":{"line":24,"column":2},"end":{"line":24,"column":18}},"13":{"start":{"line":28,"column":31},"end":{"line":38,"column":1}},"14":{"start":{"line":29,"column":22},"end":{"line":29,"column":24}},"15":{"start":{"line":30,"column":19},"end":{"line":30,"column":20}},"16":{"start":{"line":32,"column":2},"end":{"line":35,"column":5}},"17":{"start":{"line":33,"column":4},"end":{"line":33,"column":70}},"18":{"start":{"line":34,"column":4},"end":{"line":34,"column":28}},"19":{"start":{"line":37,"column":2},"end":{"line":37,"column":23}},"20":{"start":{"line":41,"column":27},"end":{"line":41,"column":60}},"21":{"start":{"line":41,"column":36},"end":{"line":41,"column":60}},"22":{"start":{"line":44,"column":29},"end":{"line":55,"column":1}},"23":{"start":{"line":45,"column":2},"end":{"line":54,"column":5}},"24":{"start":{"line":46,"column":4},"end":{"line":53,"column":7}},"25":{"start":{"line":47,"column":6},"end":{"line":52,"column":8}},"26":{"start":{"line":58,"column":31},"end":{"line":75,"column":1}},"27":{"start":{"line":59,"column":21},"end":{"line":59,"column":23}},"28":{"start":{"line":61,"column":2},"end":{"line":72,"column":5}},"29":{"start":{"line":62,"column":4},"end":{"line":71,"column":7}},"30":{"start":{"line":64,"column":8},"end":{"line":69,"column":10}},"31":{"start":{"line":74,"column":2},"end":{"line":74,"column":20}},"32":{"start":{"line":78,"column":30},"end":{"line":91,"column":1}},"33":{"start":{"line":79,"column":2},"end":{"line":90,"column":3}},"34":{"start":{"line":81,"column":6},"end":{"line":81,"column":17}},"35":{"start":{"line":83,"column":6},"end":{"line":83,"column":17}},"36":{"start":{"line":85,"column":6},"end":{"line":85,"column":17}},"37":{"start":{"line":87,"column":6},"end":{"line":87,"column":17}},"38":{"start":{"line":89,"column":6},"end":{"line":89,"column":18}},"39":{"start":{"line":94,"column":25},"end":{"line":104,"column":1}},"40":{"start":{"line":95,"column":12},"end":{"line":95,"column":28}},"41":{"start":{"line":96,"column":20},"end":{"line":96,"column":24}},"42":{"start":{"line":98,"column":2},"end":{"line":101,"column":5}},"43":{"start":{"line":99,"column":4},"end":{"line":99,"column":56}},"44":{"start":{"line":100,"column":4},"end":{"line":100,"column":10}},"45":{"start":{"line":103,"column":2},"end":{"line":103,"column":21}},"46":{"start":{"line":107,"column":23},"end":{"line":116,"column":1}},"47":{"start":{"line":109,"column":2},"end":{"line":115,"column":3}},"48":{"start":{"line":110,"column":4},"end":{"line":114,"column":5}},"49":{"start":{"line":111,"column":6},"end":{"line":111,"column":18}},"50":{"start":{"line":113,"column":6},"end":{"line":113,"column":19}},"51":{"start":{"line":119,"column":26},"end":{"line":122,"column":1}},"52":{"start":{"line":120,"column":2},"end":{"line":120,"column":31}},"53":{"start":{"line":120,"column":19},"end":{"line":120,"column":31}},"54":{"start":{"line":121,"column":2},"end":{"line":121,"column":56}},"55":{"start":{"line":125,"column":27},"end":{"line":135,"column":1}},"56":{"start":{"line":126,"column":20},"end":{"line":126,"column":25}},"57":{"start":{"line":128,"column":2},"end":{"line":132,"column":3}},"58":{"start":{"line":129,"column":4},"end":{"line":131,"column":5}},"59":{"start":{"line":130,"column":6},"end":{"line":130,"column":25}},"60":{"start":{"line":134,"column":2},"end":{"line":134,"column":21}},"61":{"start":{"line":138,"column":25},"end":{"line":142,"column":1}},"62":{"start":{"line":139,"column":16},"end":{"line":139,"column":30}},"63":{"start":{"line":141,"column":2},"end":{"line":141,"column":15}}},"fnMap":{"0":{"name":"(anonymous_0)","decl":{"start":{"line":2,"column":29},"end":{"line":2,"column":30}},"loc":{"start":{"line":2,"column":38},"end":{"line":11,"column":1}},"line":2},"1":{"name":"(anonymous_1)","decl":{"start":{"line":3,"column":34},"end":{"line":3,"column":35}},"loc":{"start":{"line":3,"column":51},"end":{"line":8,"column":3}},"line":3},"2":{"name":"(anonymous_2)","decl":{"start":{"line":14,"column":28},"end":{"line":14,"column":29}},"loc":{"start":{"line":14,"column":37},"end":{"line":25,"column":1}},"line":14},"3":{"name":"(anonymous_3)","decl":{"start":{"line":28,"column":31},"end":{"line":28,"column":32}},"loc":{"start":{"line":28,"column":48},"end":{"line":38,"column":1}},"line":28},"4":{"name":"(anonymous_4)","decl":{"start":{"line":32,"column":17},"end":{"line":32,"column":18}},"loc":{"start":{"line":32,"column":32},"end":{"line":35,"column":3}},"line":32},"5":{"name":"(anonymous_5)","decl":{"start":{"line":41,"column":27},"end":{"line":41,"column":28}},"loc":{"start":{"line":41,"column":36},"end":{"line":41,"column":60}},"line":41},"6":{"name":"(anonymous_6)","decl":{"start":{"line":44,"column":29},"end":{"line":44,"column":30}},"loc":{"start":{"line":44,"column":38},"end":{"line":55,"column":1}},"line":44},"7":{"name":"(anonymous_7)","decl":{"start":{"line":45,"column":17},"end":{"line":45,"column":18}},"loc":{"start":{"line":45,"column":32},"end":{"line":54,"column":3}},"line":45},"8":{"name":"(anonymous_8)","decl":{"start":{"line":46,"column":25},"end":{"line":46,"column":26}},"loc":{"start":{"line":46,"column":58},"end":{"line":53,"column":5}},"line":46},"9":{"name":"(anonymous_9)","decl":{"start":{"line":58,"column":31},"end":{"line":58,"column":32}},"loc":{"start":{"line":58,"column":40},"end":{"line":75,"column":1}},"line":58},"10":{"name":"(anonymous_10)","decl":{"start":{"line":61,"column":10},"end":{"line":61,"column":11}},"loc":{"start":{"line":61,"column":28},"end":{"line":72,"column":3}},"line":61},"11":{"name":"(anonymous_11)","decl":{"start":{"line":63,"column":6},"end":{"line":63,"column":7}},"loc":{"start":{"line":63,"column":40},"end":{"line":70,"column":7}},"line":63},"12":{"name":"(anonymous_12)","decl":{"start":{"line":78,"column":30},"end":{"line":78,"column":31}},"loc":{"start":{"line":78,"column":40},"end":{"line":91,"column":1}},"line":78},"13":{"name":"(anonymous_13)","decl":{"start":{"line":94,"column":25},"end":{"line":94,"column":26}},"loc":{"start":{"line":94,"column":34},"end":{"line":104,"column":1}},"line":94},"14":{"name":"(anonymous_14)","decl":{"start":{"line":98,"column":14},"end":{"line":98,"column":15}},"loc":{"start":{"line":98,"column":24},"end":{"line":101,"column":3}},"line":98},"15":{"name":"(anonymous_15)","decl":{"start":{"line":107,"column":23},"end":{"line":107,"column":24}},"loc":{"start":{"line":107,"column":32},"end":{"line":116,"column":1}},"line":107},"16":{"name":"(anonymous_16)","decl":{"start":{"line":119,"column":26},"end":{"line":119,"column":27}},"loc":{"start":{"line":119,"column":33},"end":{"line":122,"column":1}},"line":119},"17":{"name":"(anonymous_17)","decl":{"start":{"line":125,"column":27},"end":{"line":125,"column":28}},"loc":{"start":{"line":125,"column":36},"end":{"line":135,"column":1}},"line":125},"18":{"name":"(anonymous_18)","decl":{"start":{"line":138,"column":25},"end":{"line":138,"column":26}},"loc":{"start":{"line":138,"column":34},"end":{"line":142,"column":1}},"line":138}},"branchMap":{"0":{"loc":{"start":{"line":68,"column":18},"end":{"line":68,"column":59}},"type":"cond-expr","locations":[{"start":{"line":68,"column":47},"end":{"line":68,"column":51}},{"start":{"line":68,"column":54},"end":{"line":68,"column":59}}],"line":68},"1":{"loc":{"start":{"line":79,"column":2},"end":{"line":90,"column":3}},"type":"switch","locations":[{"start":{"line":80,"column":4},"end":{"line":81,"column":17}},{"start":{"line":82,"column":4},"end":{"line":83,"column":17}},{"start":{"line":84,"column":4},"end":{"line":85,"column":17}},{"start":{"line":86,"column":4},"end":{"line":87,"column":17}},{"start":{"line":88,"column":4},"end":{"line":89,"column":18}}],"line":79},"2":{"loc":{"start":{"line":99,"column":18},"end":{"line":99,"column":55}},"type":"cond-expr","locations":[{"start":{"line":99,"column":43},"end":{"line":99,"column":48}},{"start":{"line":99,"column":51},"end":{"line":99,"column":55}}],"line":99},"3":{"loc":{"start":{"line":109,"column":2},"end":{"line":115,"column":3}},"type":"if","locations":[{"start":{"line":109,"column":2},"end":{"line":115,"column":3}},{"start":{"line":109,"column":2},"end":{"line":115,"column":3}}],"line":109},"4":{"loc":{"start":{"line":109,"column":6},"end":{"line":109,"column":63}},"type":"binary-expr","locations":[{"start":{"line":109,"column":6},"end":{"line":109,"column":43}},{"start":{"line":109,"column":47},"end":{"line":109,"column":63}}],"line":109},"5":{"loc":{"start":{"line":110,"column":4},"end":{"line":114,"column":5}},"type":"if","locations":[{"start":{"line":110,"column":4},"end":{"line":114,"column":5}},{"start":{"line":110,"column":4},"end":{"line":114,"column":5}}],"line":110},"6":{"loc":{"start":{"line":120,"column":2},"end":{"line":120,"column":31}},"type":"if","locations":[{"start":{"line":120,"column":2},"end":{"line":120,"column":31}},{"start":{"line":120,"column":2},"end":{"line":120,"column":31}}],"line":120},"7":{"loc":{"start":{"line":129,"column":4},"end":{"line":131,"column":5}},"type":"if","locations":[{"start":{"line":129,"column":4},"end":{"line":131,"column":5}},{"start":{"line":129,"column":4},"end":{"line":131,"column":5}}],"line":129}},"s":{"0":10,"1":1,"2":3,"3":1,"4":10,"5":1,"6":1,"7":1,"8":4,"9":4,"10":4,"11":4,"12":1,"13":10,"14":1,"15":1,"16":1,"17":5,"18":5,"19":1,"20":10,"21":1,"22":10,"23":1,"24":2,"25":4,"26":10,"27":1,"28":1,"29":2,"30":4,"31":1,"32":10,"33":71,"34":5,"35":3,"36":3,"37":15,"38":45,"39":10,"40":5,"41":5,"42":5,"43":33,"44":33,"45":5,"46":10,"47":3,"48":2,"49":1,"50":1,"51":10,"52":6,"53":1,"54":5,"55":10,"56":4,"57":4,"58":26,"59":6,"60":4,"61":10,"62":9,"63":9},"f":{"0":1,"1":3,"2":1,"3":1,"4":5,"5":1,"6":1,"7":2,"8":4,"9":1,"10":2,"11":4,"12":71,"13":5,"14":33,"15":3,"16":6,"17":4,"18":9},"b":{"0":[2,2],"1":[5,3,3,15,45],"2":[14,19],"3":[2,1],"4":[3,3],"5":[1,1],"6":[1,5],"7":[6,20]},"_coverageSchema":"1a1c01bbd47fc00a2c39e90264f33305004495a9","hash":"a073707ceb879d2c103b2de1a96ec97f564e5f18"}
}
