TN:
SF:src\App.js
FN:13,App
FNF:1
FNH:0
FNDA:0,App
DA:14,0
LF:1
LH:0
BRF:0
BRH:0
end_of_record
TN:
SF:src\index.js
FNF:0
FNH:0
DA:5,0
LF:1
LH:0
BRF:0
BRH:0
end_of_record
TN:
SF:src\components\game\Board.js
FN:11,(anonymous_0)
FN:16,(anonymous_1)
FNF:2
FNH:2
FNDA:1,(anonymous_0)
FNDA:1,(anonymous_1)
DA:11,2
DA:12,1
DA:14,1
DA:16,1
DA:17,1
DA:19,1
DA:24,1
LF:7
LH:7
BRDA:26,0,0,0
BRDA:26,0,1,1
BRF:2
BRH:1
end_of_record
TN:
SF:src\components\game\Card.js
FN:7,(anonymous_0)
FN:11,(anonymous_1)
FN:21,(anonymous_2)
FN:36,(anonymous_3)
FNF:4
FNH:4
FNDA:33,(anonymous_0)
FNDA:33,(anonymous_1)
FNDA:3,(anonymous_2)
FNDA:5,(anonymous_3)
DA:7,5
DA:8,33
DA:9,33
DA:11,33
DA:12,33
DA:15,33
DA:16,7
DA:20,33
DA:21,3
DA:22,3
DA:23,1
DA:28,33
DA:31,33
DA:37,5
DA:38,4
DA:39,4
DA:41,1
DA:62,5
LF:18
LH:18
BRDA:15,0,0,7
BRDA:15,0,1,26
BRDA:20,1,0,3
BRDA:20,1,1,30
BRDA:22,2,0,1
BRDA:22,2,1,2
BRDA:37,3,0,4
BRDA:37,3,1,1
BRF:8
BRH:8
end_of_record
TN:
SF:src\components\game\Foundations.js
FN:6,(anonymous_0)
FN:11,(anonymous_1)
FN:15,(anonymous_2)
FN:40,(anonymous_3)
FNF:4
FNH:4
FNDA:3,(anonymous_0)
FNDA:24,(anonymous_1)
FNDA:3,(anonymous_2)
FNDA:3,(anonymous_3)
DA:6,3
DA:7,3
DA:8,3
DA:11,3
DA:12,24
DA:15,3
DA:16,3
DA:18,3
DA:19,24
DA:37,3
DA:40,3
DA:41,3
DA:43,3
DA:44,2
DA:50,3
LF:15
LH:15
BRDA:12,0,0,8
BRDA:12,0,1,16
BRDA:41,1,0,1
BRDA:41,1,1,2
BRDA:43,2,0,2
BRDA:43,2,1,1
BRF:6
BRH:6
end_of_record
TN:
SF:src\components\game\Pile.js
FN:9,(anonymous_0)
FN:14,(anonymous_1)
FN:38,(anonymous_2)
FN:46,(anonymous_3)
FN:70,(anonymous_4)
FN:74,(anonymous_5)
FNF:6
FNH:6
FNDA:26,(anonymous_0)
FNDA:3,(anonymous_1)
FNDA:1,(anonymous_2)
FNDA:25,(anonymous_3)
FNDA:4,(anonymous_4)
FNDA:30,(anonymous_5)
DA:9,4
DA:10,26
DA:11,26
DA:14,26
DA:18,3
DA:19,1
DA:22,1
DA:23,1
DA:25,2
DA:28,2
DA:29,1
DA:31,1
DA:38,26
DA:39,1
DA:40,1
DA:41,1
DA:46,26
DA:49,25
DA:50,0
DA:51,25
DA:52,25
DA:53,0
DA:54,0
DA:56,0
DA:59,25
DA:64,26
DA:65,25
DA:71,4
DA:75,30
DA:86,1
DA:90,4
LF:31
LH:27
BRDA:9,0,0,10
BRDA:18,1,0,1
BRDA:18,1,1,2
BRDA:22,2,0,1
BRDA:22,2,1,0
BRDA:25,3,0,2
BRDA:25,3,1,0
BRDA:25,4,0,2
BRDA:25,4,1,2
BRDA:28,5,0,1
BRDA:28,5,1,1
BRDA:39,6,0,1
BRDA:39,6,1,0
BRDA:49,7,0,0
BRDA:49,7,1,25
BRDA:51,8,0,25
BRDA:51,8,1,0
BRDA:51,9,0,25
BRDA:51,9,1,25
BRDA:53,10,0,0
BRDA:53,10,1,0
BRDA:53,11,0,0
BRDA:53,11,1,0
BRDA:64,12,0,25
BRDA:64,12,1,1
BRDA:71,13,0,1
BRDA:71,13,1,3
BRF:27
BRH:18
end_of_record
TN:
SF:src\components\game\ScoreBoard.js
FN:6,(anonymous_0)
FN:21,(anonymous_1)
FN:25,(anonymous_2)
FN:25,(anonymous_3)
FN:34,(anonymous_4)
FN:48,(anonymous_5)
FNF:6
FNH:4
FNDA:3,(anonymous_0)
FNDA:3,(anonymous_1)
FNDA:0,(anonymous_2)
FNDA:0,(anonymous_3)
FNDA:3,(anonymous_4)
FNDA:1,(anonymous_5)
DA:6,1
DA:7,3
DA:16,3
DA:18,3
DA:19,3
DA:21,3
DA:23,3
DA:24,3
DA:25,3
DA:29,3
DA:30,1
DA:34,3
DA:35,3
DA:36,3
DA:37,3
DA:43,3
DA:49,1
DA:50,1
LF:18
LH:18
BRDA:23,0,0,3
BRDA:23,0,1,0
BRDA:24,1,0,0
BRDA:24,1,1,3
BRDA:29,2,0,1
BRDA:29,2,1,2
BRF:6
BRH:4
end_of_record
TN:
SF:src\components\game\Stock.js
FN:6,(anonymous_0)
FN:10,(anonymous_1)
FN:27,(anonymous_2)
FNF:3
FNH:3
FNDA:4,(anonymous_0)
FNDA:2,(anonymous_1)
FNDA:7,(anonymous_2)
DA:6,3
DA:7,4
DA:8,4
DA:10,4
DA:12,2
DA:14,2
DA:15,1
DA:17,1
DA:25,4
DA:28,7
DA:36,3
LF:11
LH:11
BRDA:12,0,0,2
BRDA:12,0,1,0
BRDA:14,1,0,1
BRDA:14,1,1,1
BRF:4
BRH:3
end_of_record
TN:
SF:src\components\game\Tableau.js
FN:5,(anonymous_0)
FNF:1
FNH:1
FNDA:2,(anonymous_0)
DA:5,3
DA:6,2
DA:22,3
LF:3
LH:3
BRF:0
BRH:0
end_of_record
TN:
SF:src\components\layout\Alert.js
FN:4,(anonymous_0)
FNF:1
FNH:1
FNDA:3,(anonymous_0)
DA:4,3
DA:5,3
DA:6,3
DA:8,3
DA:10,1
LF:5
LH:5
BRDA:8,0,0,2
BRDA:8,0,1,1
BRDA:11,1,0,1
BRDA:11,1,1,0
BRF:4
BRH:3
end_of_record
TN:
SF:src\components\layout\End.js
FN:6,(anonymous_0)
FN:10,(anonymous_1)
FNF:2
FNH:2
FNDA:1,(anonymous_0)
FNDA:1,(anonymous_1)
DA:6,3
DA:7,1
DA:8,1
DA:10,1
DA:11,1
DA:16,1
LF:6
LH:6
BRF:0
BRH:0
end_of_record
TN:
SF:src\components\layout\Footer.js
FN:4,(anonymous_0)
FNF:1
FNH:0
FNDA:0,(anonymous_0)
DA:4,0
DA:5,0
LF:2
LH:0
BRF:0
BRH:0
end_of_record
TN:
SF:src\components\layout\Navbar.js
FN:3,(anonymous_0)
FNF:1
FNH:1
FNDA:1,(anonymous_0)
DA:3,1
DA:4,1
LF:2
LH:2
BRF:0
BRH:0
end_of_record
TN:
SF:src\components\layout\Start.js
FN:4,(anonymous_0)
FN:41,(anonymous_1)
FN:44,(anonymous_2)
FNF:3
FNH:2
FNDA:4,(anonymous_0)
FNDA:1,(anonymous_1)
FNDA:0,(anonymous_2)
DA:4,2
DA:5,4
DA:6,4
DA:8,4
DA:10,4
DA:42,1
DA:44,1
DA:45,0
LF:8
LH:7
BRDA:12,0,0,1
BRDA:12,0,1,3
BRF:2
BRH:2
end_of_record
TN:
SF:src\components\pages\About.js
FN:5,(anonymous_0)
FN:9,(anonymous_1)
FNF:2
FNH:1
FNDA:3,(anonymous_0)
FNDA:0,(anonymous_1)
DA:5,1
DA:6,3
DA:7,2
DA:9,0
DA:10,0
DA:11,0
DA:16,0
LF:7
LH:3
BRF:0
BRH:0
end_of_record
TN:
SF:src\components\pages\Home.js
FN:6,(anonymous_0)
FN:10,(anonymous_1)
FNF:2
FNH:2
FNDA:1,(anonymous_0)
FNDA:1,(anonymous_1)
DA:6,1
DA:7,1
DA:8,1
DA:10,1
DA:11,1
DA:16,1
LF:6
LH:6
BRDA:16,0,0,0
BRDA:16,0,1,1
BRF:2
BRH:1
end_of_record
TN:
SF:src\components\pages\NotFound.js
FN:5,(anonymous_0)
FN:9,(anonymous_1)
FNF:2
FNH:1
FNDA:3,(anonymous_0)
FNDA:0,(anonymous_1)
DA:5,1
DA:6,3
DA:7,2
DA:9,0
DA:10,0
DA:11,0
DA:16,0
LF:7
LH:3
BRF:0
BRH:0
end_of_record
TN:
SF:src\context\SolitaireState.js
FN:36,(anonymous_0)
FN:53,(anonymous_1)
FN:69,(anonymous_2)
FN:77,(anonymous_3)
FN:98,(anonymous_4)
FN:106,(anonymous_5)
FN:113,(anonymous_6)
FN:125,(anonymous_7)
FN:136,(anonymous_8)
FN:184,(anonymous_9)
FN:195,(anonymous_10)
FN:232,(anonymous_11)
FN:239,(anonymous_12)
FN:247,(anonymous_13)
FN:253,(anonymous_14)
FN:259,(anonymous_15)
FN:266,(anonymous_16)
FNF:17
FNH:0
FNDA:0,(anonymous_0)
FNDA:0,(anonymous_1)
FNDA:0,(anonymous_2)
FNDA:0,(anonymous_3)
FNDA:0,(anonymous_4)
FNDA:0,(anonymous_5)
FNDA:0,(anonymous_6)
FNDA:0,(anonymous_7)
FNDA:0,(anonymous_8)
FNDA:0,(anonymous_9)
FNDA:0,(anonymous_10)
FNDA:0,(anonymous_11)
FNDA:0,(anonymous_12)
FNDA:0,(anonymous_13)
FNDA:0,(anonymous_14)
FNDA:0,(anonymous_15)
FNDA:0,(anonymous_16)
DA:36,0
DA:37,0
DA:50,0
DA:53,0
DA:57,0
DA:62,0
DA:69,0
DA:70,0
DA:77,0
DA:80,0
DA:86,0
DA:91,0
DA:98,0
DA:99,0
DA:106,0
DA:107,0
DA:113,0
DA:115,0
DA:116,0
DA:119,0
DA:120,0
DA:124,0
DA:125,0
DA:129,0
DA:130,0
DA:134,0
DA:136,0
DA:137,0
DA:146,0
DA:147,0
DA:150,0
DA:152,0
DA:158,0
DA:159,0
DA:165,0
DA:174,0
DA:176,0
DA:184,0
DA:186,0
DA:189,0
DA:190,0
DA:194,0
DA:195,0
DA:199,0
DA:200,0
DA:202,0
DA:208,0
DA:209,0
DA:213,0
DA:223,0
DA:232,0
DA:233,0
DA:239,0
DA:240,0
DA:247,0
DA:248,0
DA:253,0
DA:254,0
DA:259,0
DA:260,0
DA:266,0
DA:267,0
DA:272,0
LF:63
LH:0
BRDA:129,0,0,0
BRDA:129,0,1,0
BRDA:150,1,0,0
BRDA:150,1,1,0
BRDA:158,2,0,0
BRDA:158,2,1,0
BRDA:200,3,0,0
BRDA:200,3,1,0
BRDA:208,4,0,0
BRDA:208,4,1,0
BRF:10
BRH:0
end_of_record
TN:
SF:src\context\solitaireContext.js
FNF:0
FNH:0
DA:3,14
LF:1
LH:1
BRF:0
BRH:0
end_of_record
TN:
SF:src\context\solitaireReducer.js
FN:16,(anonymous_0)
FNF:1
FNH:0
FNDA:0,(anonymous_0)
DA:16,0
DA:17,0
DA:19,0
DA:21,0
DA:26,0
DA:31,0
DA:37,0
DA:42,0
DA:47,0
DA:54,0
DA:61,0
DA:73,0
DA:78,0
DA:83,0
DA:88,0
DA:94,0
LF:16
LH:0
BRDA:19,0,0,0
BRDA:19,0,1,0
BRDA:19,0,2,0
BRDA:19,0,3,0
BRDA:19,0,4,0
BRDA:19,0,5,0
BRDA:19,0,6,0
BRDA:19,0,7,0
BRDA:19,0,8,0
BRDA:19,0,9,0
BRDA:19,0,10,0
BRDA:19,0,11,0
BRDA:19,0,12,0
BRF:13
BRH:0
end_of_record
TN:
SF:src\context\types.js
FNF:0
FNH:0
DA:1,0
DA:2,0
DA:3,0
DA:4,0
DA:5,0
DA:6,0
DA:7,0
DA:8,0
DA:9,0
DA:10,0
DA:11,0
DA:12,0
LF:12
LH:0
BRF:0
BRH:0
end_of_record
TN:
SF:src\tests\setupTests.js
FNF:0
FNH:0
LF:0
LH:0
BRF:0
BRH:0
end_of_record
TN:
SF:src\utils\gameFeatures.js
FNF:0
FNH:0
DA:2,5
DA:19,5
DA:22,5
DA:25,5
DA:28,5
DA:31,5
LF:6
LH:6
BRF:0
BRH:0
end_of_record
TN:
SF:src\utils\helpers.js
FN:2,(anonymous_0)
FN:3,(anonymous_1)
FN:14,(anonymous_2)
FN:28,(anonymous_3)
FN:32,(anonymous_4)
FN:41,(anonymous_5)
FN:44,(anonymous_6)
FN:45,(anonymous_7)
FN:46,(anonymous_8)
FN:58,(anonymous_9)
FN:61,(anonymous_10)
FN:63,(anonymous_11)
FN:78,(anonymous_12)
FN:94,(anonymous_13)
FN:98,(anonymous_14)
FN:107,(anonymous_15)
FN:119,(anonymous_16)
FN:125,(anonymous_17)
FN:138,(anonymous_18)
FNF:19
FNH:19
FNDA:1,(anonymous_0)
FNDA:3,(anonymous_1)
FNDA:1,(anonymous_2)
FNDA:1,(anonymous_3)
FNDA:5,(anonymous_4)
FNDA:1,(anonymous_5)
FNDA:1,(anonymous_6)
FNDA:2,(anonymous_7)
FNDA:4,(anonymous_8)
FNDA:1,(anonymous_9)
FNDA:2,(anonymous_10)
FNDA:4,(anonymous_11)
FNDA:71,(anonymous_12)
FNDA:5,(anonymous_13)
FNDA:33,(anonymous_14)
FNDA:3,(anonymous_15)
FNDA:6,(anonymous_16)
FNDA:4,(anonymous_17)
FNDA:9,(anonymous_18)
DA:2,10
DA:3,1
DA:4,3
DA:10,1
DA:14,10
DA:15,1
DA:17,1
DA:18,4
DA:19,4
DA:20,4
DA:21,4
DA:24,1
DA:28,10
DA:29,1
DA:30,1
DA:32,1
DA:33,5
DA:34,5
DA:37,1
DA:41,10
DA:44,10
DA:45,1
DA:46,2
DA:47,4
DA:58,10
DA:59,1
DA:61,1
DA:62,2
DA:64,4
DA:74,1
DA:78,10
DA:79,71
DA:81,5
DA:83,3
DA:85,3
DA:87,15
DA:89,45
DA:94,10
DA:95,5
DA:96,5
DA:98,5
DA:99,33
DA:100,33
DA:103,5
DA:107,10
DA:109,3
DA:110,2
DA:111,1
DA:113,1
DA:119,10
DA:120,6
DA:121,5
DA:125,10
DA:126,4
DA:128,4
DA:129,26
DA:130,6
DA:134,4
DA:138,10
DA:139,9
DA:141,9
LF:61
LH:61
BRDA:68,0,0,2
BRDA:68,0,1,2
BRDA:79,1,0,5
BRDA:79,1,1,3
BRDA:79,1,2,3
BRDA:79,1,3,15
BRDA:79,1,4,45
BRDA:99,2,0,14
BRDA:99,2,1,19
BRDA:109,3,0,2
BRDA:109,3,1,1
BRDA:109,4,0,3
BRDA:109,4,1,3
BRDA:110,5,0,1
BRDA:110,5,1,1
BRDA:120,6,0,1
BRDA:120,6,1,5
BRDA:129,7,0,6
BRDA:129,7,1,20
BRF:19
BRH:19
end_of_record
