TN:
SF:src\App.js
FN:11,App
FNF:1
FNH:0
FNDA:0,App
DA:12,0
LF:1
LH:0
BRF:0
BRH:0
end_of_record
TN:
SF:src\index.js
FNF:0
FNH:0
DA:5,0
LF:1
LH:0
BRF:0
BRH:0
end_of_record
TN:
SF:src\components\game\Board.js
FN:9,(anonymous_0)
FN:14,(anonymous_1)
FNF:2
FNH:2
FNDA:1,(anonymous_0)
FNDA:1,(anonymous_1)
DA:9,2
DA:10,1
DA:12,1
DA:14,1
DA:15,1
DA:20,1
LF:6
LH:6
BRDA:22,0,0,0
BRDA:22,0,1,1
BRF:2
BRH:1
end_of_record
TN:
SF:src\components\game\Card.js
FN:6,(anonymous_0)
FN:10,(anonymous_1)
FN:20,(anonymous_2)
FN:35,(anonymous_3)
FNF:4
FNH:4
FNDA:33,(anonymous_0)
FNDA:33,(anonymous_1)
FNDA:3,(anonymous_2)
FNDA:5,(anonymous_3)
DA:6,5
DA:7,33
DA:8,33
DA:10,33
DA:11,33
DA:14,33
DA:15,7
DA:19,33
DA:20,3
DA:21,3
DA:22,1
DA:27,33
DA:30,33
DA:36,5
DA:37,4
DA:39,1
DA:60,5
LF:17
LH:17
BRDA:14,0,0,7
BRDA:14,0,1,26
BRDA:19,1,0,3
BRDA:19,1,1,30
BRDA:21,2,0,1
BRDA:21,2,1,2
BRDA:36,3,0,4
BRDA:36,3,1,1
BRF:8
BRH:8
end_of_record
TN:
SF:src\components\game\Foundations.js
FN:4,(anonymous_0)
FN:9,(anonymous_1)
FN:13,(anonymous_2)
FN:38,(anonymous_3)
FNF:4
FNH:4
FNDA:3,(anonymous_0)
FNDA:24,(anonymous_1)
FNDA:3,(anonymous_2)
FNDA:3,(anonymous_3)
DA:4,3
DA:5,3
DA:6,3
DA:9,3
DA:10,24
DA:13,3
DA:14,3
DA:16,3
DA:17,24
DA:35,3
DA:38,3
DA:39,3
DA:44,3
LF:13
LH:13
BRDA:10,0,0,8
BRDA:10,0,1,16
BRDA:39,1,0,1
BRDA:39,1,1,2
BRF:4
BRH:4
end_of_record
TN:
SF:src\components\game\Pile.js
FN:8,(anonymous_0)
FN:13,(anonymous_1)
FN:37,(anonymous_2)
FN:48,(anonymous_3)
FN:52,(anonymous_4)
FNF:5
FNH:5
FNDA:26,(anonymous_0)
FNDA:3,(anonymous_1)
FNDA:1,(anonymous_2)
FNDA:4,(anonymous_3)
FNDA:30,(anonymous_4)
DA:8,4
DA:9,26
DA:10,26
DA:13,26
DA:17,3
DA:18,1
DA:21,1
DA:22,1
DA:24,2
DA:27,2
DA:28,1
DA:30,1
DA:37,26
DA:38,1
DA:39,1
DA:43,26
DA:44,25
DA:49,4
DA:53,30
DA:64,1
DA:68,4
LF:21
LH:21
BRDA:8,0,0,10
BRDA:17,1,0,1
BRDA:17,1,1,2
BRDA:21,2,0,1
BRDA:21,2,1,0
BRDA:24,3,0,2
BRDA:24,3,1,0
BRDA:24,4,0,2
BRDA:24,4,1,2
BRDA:27,5,0,1
BRDA:27,5,1,1
BRDA:38,6,0,1
BRDA:38,6,1,0
BRDA:43,7,0,25
BRDA:43,7,1,1
BRDA:49,8,0,1
BRDA:49,8,1,3
BRF:17
BRH:14
end_of_record
TN:
SF:src\components\game\ScoreBoard.js
FN:6,(anonymous_0)
FN:14,(anonymous_1)
FN:18,(anonymous_2)
FN:18,(anonymous_3)
FN:27,(anonymous_4)
FN:41,(anonymous_5)
FNF:6
FNH:4
FNDA:5,(anonymous_0)
FNDA:4,(anonymous_1)
FNDA:0,(anonymous_2)
FNDA:0,(anonymous_3)
FNDA:4,(anonymous_4)
FNDA:1,(anonymous_5)
DA:6,2
DA:7,5
DA:9,4
DA:11,4
DA:12,4
DA:14,4
DA:16,4
DA:17,3
DA:18,3
DA:22,4
DA:23,1
DA:27,4
DA:28,4
DA:29,4
DA:30,4
DA:36,4
DA:42,1
DA:43,1
LF:18
LH:18
BRDA:16,0,0,3
BRDA:16,0,1,1
BRDA:17,1,0,0
BRDA:17,1,1,3
BRDA:22,2,0,1
BRDA:22,2,1,3
BRF:6
BRH:5
end_of_record
TN:
SF:src\components\game\Stock.js
FN:6,(anonymous_0)
FN:10,(anonymous_1)
FN:27,(anonymous_2)
FNF:3
FNH:3
FNDA:4,(anonymous_0)
FNDA:2,(anonymous_1)
FNDA:7,(anonymous_2)
DA:6,3
DA:7,4
DA:8,4
DA:10,4
DA:12,2
DA:14,2
DA:15,1
DA:17,1
DA:25,4
DA:28,7
DA:36,3
LF:11
LH:11
BRDA:12,0,0,2
BRDA:12,0,1,0
BRDA:14,1,0,1
BRDA:14,1,1,1
BRF:4
BRH:3
end_of_record
TN:
SF:src\components\game\Tableau.js
FN:5,(anonymous_0)
FNF:1
FNH:1
FNDA:2,(anonymous_0)
DA:5,3
DA:6,2
DA:22,3
LF:3
LH:3
BRF:0
BRH:0
end_of_record
TN:
SF:src\components\layout\Alert.js
FN:4,(anonymous_0)
FNF:1
FNH:1
FNDA:3,(anonymous_0)
DA:4,3
DA:5,3
DA:6,3
DA:8,3
DA:10,1
LF:5
LH:5
BRDA:8,0,0,2
BRDA:8,0,1,1
BRDA:11,1,0,1
BRDA:11,1,1,0
BRF:4
BRH:3
end_of_record
TN:
SF:src\components\layout\End.js
FN:5,(anonymous_0)
FNF:1
FNH:1
FNDA:1,(anonymous_0)
DA:5,3
DA:6,1
DA:7,1
DA:9,1
LF:4
LH:4
BRF:0
BRH:0
end_of_record
TN:
SF:src\components\layout\Navbar.js
FN:4,(anonymous_0)
FNF:1
FNH:1
FNDA:2,(anonymous_0)
DA:4,1
DA:5,2
LF:2
LH:2
BRF:0
BRH:0
end_of_record
TN:
SF:src\components\layout\Start.js
FN:4,(anonymous_0)
FN:41,(anonymous_1)
FN:44,(anonymous_2)
FNF:3
FNH:2
FNDA:4,(anonymous_0)
FNDA:1,(anonymous_1)
FNDA:0,(anonymous_2)
DA:4,2
DA:5,4
DA:6,4
DA:8,4
DA:10,4
DA:42,1
DA:44,1
DA:45,0
LF:8
LH:7
BRDA:12,0,0,1
BRDA:12,0,1,3
BRF:2
BRH:2
end_of_record
TN:
SF:src\components\pages\About.js
FN:3,(anonymous_0)
FNF:1
FNH:1
FNDA:1,(anonymous_0)
DA:3,1
DA:4,1
LF:2
LH:2
BRF:0
BRH:0
end_of_record
TN:
SF:src\components\pages\Home.js
FN:6,(anonymous_0)
FN:10,(anonymous_1)
FNF:2
FNH:2
FNDA:1,(anonymous_0)
FNDA:1,(anonymous_1)
DA:6,1
DA:7,1
DA:8,1
DA:10,1
DA:11,1
DA:16,1
LF:6
LH:6
BRDA:16,0,0,0
BRDA:16,0,1,1
BRF:2
BRH:1
end_of_record
TN:
SF:src\components\pages\NotFound.js
FN:3,(anonymous_0)
FNF:1
FNH:1
FNDA:1,(anonymous_0)
DA:3,1
DA:4,1
LF:2
LH:2
BRF:0
BRH:0
end_of_record
TN:
SF:src\context\SolitaireState.js
FN:37,(anonymous_0)
FN:54,(anonymous_1)
FN:73,(anonymous_2)
FN:80,(anonymous_3)
FN:88,(anonymous_4)
FN:112,(anonymous_5)
FN:120,(anonymous_6)
FN:127,(anonymous_7)
FN:139,(anonymous_8)
FN:150,(anonymous_9)
FN:198,(anonymous_10)
FN:209,(anonymous_11)
FN:246,(anonymous_12)
FN:253,(anonymous_13)
FN:261,(anonymous_14)
FN:267,(anonymous_15)
FN:273,(anonymous_16)
FN:280,(anonymous_17)
FNF:18
FNH:0
FNDA:0,(anonymous_0)
FNDA:0,(anonymous_1)
FNDA:0,(anonymous_2)
FNDA:0,(anonymous_3)
FNDA:0,(anonymous_4)
FNDA:0,(anonymous_5)
FNDA:0,(anonymous_6)
FNDA:0,(anonymous_7)
FNDA:0,(anonymous_8)
FNDA:0,(anonymous_9)
FNDA:0,(anonymous_10)
FNDA:0,(anonymous_11)
FNDA:0,(anonymous_12)
FNDA:0,(anonymous_13)
FNDA:0,(anonymous_14)
FNDA:0,(anonymous_15)
FNDA:0,(anonymous_16)
FNDA:0,(anonymous_17)
DA:37,0
DA:38,0
DA:51,0
DA:54,0
DA:56,0
DA:61,0
DA:66,0
DA:73,0
DA:74,0
DA:80,0
DA:81,0
DA:88,0
DA:90,0
DA:94,0
DA:100,0
DA:105,0
DA:112,0
DA:113,0
DA:120,0
DA:121,0
DA:127,0
DA:129,0
DA:130,0
DA:133,0
DA:134,0
DA:138,0
DA:139,0
DA:143,0
DA:144,0
DA:148,0
DA:150,0
DA:151,0
DA:160,0
DA:161,0
DA:164,0
DA:166,0
DA:172,0
DA:173,0
DA:179,0
DA:188,0
DA:190,0
DA:198,0
DA:200,0
DA:203,0
DA:204,0
DA:208,0
DA:209,0
DA:213,0
DA:214,0
DA:216,0
DA:222,0
DA:223,0
DA:227,0
DA:237,0
DA:246,0
DA:247,0
DA:253,0
DA:254,0
DA:261,0
DA:262,0
DA:267,0
DA:268,0
DA:273,0
DA:274,0
DA:280,0
DA:281,0
DA:286,0
LF:67
LH:0
BRDA:143,0,0,0
BRDA:143,0,1,0
BRDA:164,1,0,0
BRDA:164,1,1,0
BRDA:172,2,0,0
BRDA:172,2,1,0
BRDA:214,3,0,0
BRDA:214,3,1,0
BRDA:222,4,0,0
BRDA:222,4,1,0
BRF:10
BRH:0
end_of_record
TN:
SF:src\context\solitaireContext.js
FNF:0
FNH:0
DA:3,12
LF:1
LH:1
BRF:0
BRH:0
end_of_record
TN:
SF:src\context\solitaireReducer.js
FN:17,(anonymous_0)
FNF:1
FNH:0
FNDA:0,(anonymous_0)
DA:17,0
DA:18,0
DA:20,0
DA:22,0
DA:28,0
DA:33,0
DA:38,0
DA:45,0
DA:50,0
DA:55,0
DA:62,0
DA:69,0
DA:81,0
DA:86,0
DA:91,0
DA:96,0
DA:101,0
LF:17
LH:0
BRDA:20,0,0,0
BRDA:20,0,1,0
BRDA:20,0,2,0
BRDA:20,0,3,0
BRDA:20,0,4,0
BRDA:20,0,5,0
BRDA:20,0,6,0
BRDA:20,0,7,0
BRDA:20,0,8,0
BRDA:20,0,9,0
BRDA:20,0,10,0
BRDA:20,0,11,0
BRDA:20,0,12,0
BRDA:20,0,13,0
BRF:14
BRH:0
end_of_record
TN:
SF:src\context\types.js
FNF:0
FNH:0
DA:1,0
DA:2,0
DA:3,0
DA:4,0
DA:5,0
DA:6,0
DA:7,0
DA:8,0
DA:9,0
DA:10,0
DA:11,0
DA:12,0
DA:13,0
LF:13
LH:0
BRF:0
BRH:0
end_of_record
TN:
SF:src\tests\setupTests.js
FNF:0
FNH:0
LF:0
LH:0
BRF:0
BRH:0
end_of_record
TN:
SF:src\utils\gameFeatures.js
FNF:0
FNH:0
DA:2,6
DA:19,6
DA:22,6
DA:25,6
DA:28,6
DA:31,6
LF:6
LH:6
BRF:0
BRH:0
end_of_record
TN:
SF:src\utils\helpers.js
FN:2,(anonymous_0)
FN:3,(anonymous_1)
FN:14,(anonymous_2)
FN:28,(anonymous_3)
FN:32,(anonymous_4)
FN:41,(anonymous_5)
FN:44,(anonymous_6)
FN:45,(anonymous_7)
FN:46,(anonymous_8)
FN:58,(anonymous_9)
FN:61,(anonymous_10)
FN:63,(anonymous_11)
FN:78,(anonymous_12)
FN:94,(anonymous_13)
FN:98,(anonymous_14)
FN:107,(anonymous_15)
FN:119,(anonymous_16)
FN:125,(anonymous_17)
FNF:18
FNH:18
FNDA:1,(anonymous_0)
FNDA:3,(anonymous_1)
FNDA:1,(anonymous_2)
FNDA:1,(anonymous_3)
FNDA:5,(anonymous_4)
FNDA:1,(anonymous_5)
FNDA:1,(anonymous_6)
FNDA:2,(anonymous_7)
FNDA:4,(anonymous_8)
FNDA:1,(anonymous_9)
FNDA:2,(anonymous_10)
FNDA:4,(anonymous_11)
FNDA:71,(anonymous_12)
FNDA:5,(anonymous_13)
FNDA:33,(anonymous_14)
FNDA:3,(anonymous_15)
FNDA:7,(anonymous_16)
FNDA:4,(anonymous_17)
DA:2,10
DA:3,1
DA:4,3
DA:10,1
DA:14,10
DA:15,1
DA:17,1
DA:18,4
DA:19,4
DA:20,4
DA:21,4
DA:24,1
DA:28,10
DA:29,1
DA:30,1
DA:32,1
DA:33,5
DA:34,5
DA:37,1
DA:41,10
DA:44,10
DA:45,1
DA:46,2
DA:47,4
DA:58,10
DA:59,1
DA:61,1
DA:62,2
DA:64,4
DA:74,1
DA:78,10
DA:79,71
DA:81,5
DA:83,3
DA:85,3
DA:87,15
DA:89,45
DA:94,10
DA:95,5
DA:96,5
DA:98,5
DA:99,33
DA:100,33
DA:103,5
DA:107,10
DA:109,3
DA:110,2
DA:111,1
DA:113,1
DA:119,10
DA:120,7
DA:121,6
DA:125,10
DA:126,4
DA:128,4
DA:129,26
DA:130,6
DA:134,4
LF:58
LH:58
BRDA:68,0,0,2
BRDA:68,0,1,2
BRDA:79,1,0,5
BRDA:79,1,1,3
BRDA:79,1,2,3
BRDA:79,1,3,15
BRDA:79,1,4,45
BRDA:99,2,0,14
BRDA:99,2,1,19
BRDA:109,3,0,2
BRDA:109,3,1,1
BRDA:109,4,0,3
BRDA:109,4,1,3
BRDA:110,5,0,1
BRDA:110,5,1,1
BRDA:120,6,0,1
BRDA:120,6,1,6
BRDA:129,7,0,6
BRDA:129,7,1,20
BRF:19
BRH:19
end_of_record
